{"/home/travis/build/npmtest/node-npmtest-sails/test.js":{"path":"/home/travis/build/npmtest/node-npmtest-sails/test.js","s":{"1":2,"2":2,"3":2,"4":2,"5":2,"6":2,"7":2,"8":1,"9":2,"10":2,"11":1,"12":1,"13":1,"14":1,"15":2,"16":2,"17":2,"18":2,"19":1,"20":1,"21":2,"22":2,"23":2,"24":1,"25":1,"26":1,"27":1,"28":1,"29":1,"30":1,"31":1,"32":1,"33":1,"34":1,"35":1,"36":1,"37":2,"38":2,"39":1,"40":2,"41":2,"42":1,"43":2,"44":2,"45":1,"46":2,"47":2,"48":1,"49":1,"50":1,"51":1,"52":1},"b":{"1":[2,1,1,1],"2":[1,1,1,1],"3":[1,1],"4":[1,1],"5":[1,1],"6":[1,1],"7":[1,1],"8":[1,1],"9":[1,1,1],"10":[1,1],"11":[1,1],"12":[1,1],"13":[1,1],"14":[1,1],"15":[1,1],"16":[1,1]},"f":{"1":2,"2":2,"3":2,"4":2,"5":2,"6":1,"7":1,"8":2,"9":2,"10":2,"11":2,"12":1},"fnMap":{"1":{"name":"(anonymous_1)","line":12,"loc":{"start":{"line":12,"column":1},"end":{"line":12,"column":13}}},"2":{"name":"(anonymous_2)","line":19,"loc":{"start":{"line":19,"column":5},"end":{"line":19,"column":17}}},"3":{"name":"(anonymous_3)","line":23,"loc":{"start":{"line":23,"column":24},"end":{"line":23,"column":36}}},"4":{"name":"(anonymous_4)","line":61,"loc":{"start":{"line":61,"column":5},"end":{"line":61,"column":17}}},"5":{"name":"(anonymous_5)","line":82,"loc":{"start":{"line":82,"column":5},"end":{"line":82,"column":17}}},"6":{"name":"(anonymous_6)","line":102,"loc":{"start":{"line":102,"column":83},"end":{"line":105,"column":10}},"skip":true},"7":{"name":"(anonymous_7)","line":113,"loc":{"start":{"line":113,"column":77},"end":{"line":116,"column":10}},"skip":true},"8":{"name":"(anonymous_8)","line":129,"loc":{"start":{"line":129,"column":12},"end":{"line":129,"column":40}},"skip":true},"9":{"name":"(anonymous_9)","line":137,"loc":{"start":{"line":137,"column":77},"end":{"line":140,"column":10}},"skip":true},"10":{"name":"(anonymous_10)","line":148,"loc":{"start":{"line":148,"column":83},"end":{"line":151,"column":10}},"skip":true},"11":{"name":"(anonymous_11)","line":159,"loc":{"start":{"line":159,"column":79},"end":{"line":162,"column":10}},"skip":true},"12":{"name":"(anonymous_12)","line":170,"loc":{"start":{"line":170,"column":75},"end":{"line":173,"column":10}},"skip":true}},"statementMap":{"1":{"start":{"line":12,"column":0},"end":{"line":185,"column":5}},"2":{"start":{"line":14,"column":4},"end":{"line":14,"column":14}},"3":{"start":{"line":19,"column":4},"end":{"line":56,"column":9}},"4":{"start":{"line":21,"column":8},"end":{"line":21,"column":19}},"5":{"start":{"line":23,"column":8},"end":{"line":35,"column":13}},"6":{"start":{"line":24,"column":12},"end":{"line":34,"column":13}},"7":{"start":{"line":25,"column":16},"end":{"line":28,"column":30}},"8":{"start":{"line":30,"column":16},"end":{"line":33,"column":27}},"9":{"start":{"line":37,"column":8},"end":{"line":39,"column":21}},"10":{"start":{"line":40,"column":8},"end":{"line":53,"column":9}},"11":{"start":{"line":43,"column":12},"end":{"line":46,"column":14}},"12":{"start":{"line":47,"column":12},"end":{"line":47,"column":18}},"13":{"start":{"line":50,"column":12},"end":{"line":51,"column":46}},"14":{"start":{"line":52,"column":12},"end":{"line":52,"column":18}},"15":{"start":{"line":55,"column":8},"end":{"line":55,"column":35}},"16":{"start":{"line":61,"column":4},"end":{"line":63,"column":9}},"17":{"start":{"line":62,"column":8},"end":{"line":62,"column":15}},"18":{"start":{"line":64,"column":4},"end":{"line":77,"column":5}},"19":{"start":{"line":70,"column":8},"end":{"line":70,"column":14}},"20":{"start":{"line":76,"column":8},"end":{"line":76,"column":14}},"21":{"start":{"line":82,"column":4},"end":{"line":84,"column":9}},"22":{"start":{"line":83,"column":8},"end":{"line":83,"column":15}},"23":{"start":{"line":85,"column":4},"end":{"line":184,"column":5}},"24":{"start":{"line":92,"column":8},"end":{"line":94,"column":63}},"25":{"start":{"line":95,"column":8},"end":{"line":95,"column":14}},"26":{"start":{"line":102,"column":8},"end":{"line":111,"column":10},"skip":true},"27":{"start":{"line":109,"column":12},"end":{"line":109,"column":55},"skip":true},"28":{"start":{"line":110,"column":12},"end":{"line":110,"column":48},"skip":true},"29":{"start":{"line":113,"column":8},"end":{"line":126,"column":10},"skip":true},"30":{"start":{"line":120,"column":12},"end":{"line":120,"column":76},"skip":true},"31":{"start":{"line":121,"column":12},"end":{"line":121,"column":73},"skip":true},"32":{"start":{"line":122,"column":12},"end":{"line":122,"column":74},"skip":true},"33":{"start":{"line":123,"column":12},"end":{"line":123,"column":79},"skip":true},"34":{"start":{"line":124,"column":12},"end":{"line":124,"column":25},"skip":true},"35":{"start":{"line":125,"column":12},"end":{"line":125,"column":45},"skip":true},"36":{"start":{"line":128,"column":8},"end":{"line":135,"column":14},"skip":true},"37":{"start":{"line":133,"column":16},"end":{"line":133,"column":29},"skip":true},"38":{"start":{"line":134,"column":16},"end":{"line":134,"column":55},"skip":true},"39":{"start":{"line":137,"column":8},"end":{"line":146,"column":10},"skip":true},"40":{"start":{"line":144,"column":12},"end":{"line":144,"column":25},"skip":true},"41":{"start":{"line":145,"column":12},"end":{"line":145,"column":45},"skip":true},"42":{"start":{"line":148,"column":8},"end":{"line":157,"column":10},"skip":true},"43":{"start":{"line":155,"column":12},"end":{"line":155,"column":25},"skip":true},"44":{"start":{"line":156,"column":12},"end":{"line":156,"column":48},"skip":true},"45":{"start":{"line":159,"column":8},"end":{"line":168,"column":10},"skip":true},"46":{"start":{"line":166,"column":12},"end":{"line":166,"column":25},"skip":true},"47":{"start":{"line":167,"column":12},"end":{"line":167,"column":46},"skip":true},"48":{"start":{"line":170,"column":8},"end":{"line":179,"column":10},"skip":true},"49":{"start":{"line":177,"column":12},"end":{"line":177,"column":94},"skip":true},"50":{"start":{"line":178,"column":12},"end":{"line":178,"column":48},"skip":true},"51":{"start":{"line":182,"column":8},"end":{"line":182,"column":35},"skip":true},"52":{"start":{"line":183,"column":8},"end":{"line":183,"column":14},"skip":true}},"branchMap":{"1":{"line":25,"type":"binary-expr","locations":[{"start":{"line":25,"column":23},"end":{"line":25,"column":62}},{"start":{"line":26,"column":20},"end":{"line":26,"column":70}},{"start":{"line":27,"column":20},"end":{"line":27,"column":71}},{"start":{"line":28,"column":20},"end":{"line":28,"column":29}}]},"2":{"line":30,"type":"binary-expr","locations":[{"start":{"line":30,"column":23},"end":{"line":30,"column":37}},{"start":{"line":31,"column":20},"end":{"line":31,"column":61}},{"start":{"line":32,"column":20},"end":{"line":32,"column":70}},{"start":{"line":33,"column":20},"end":{"line":33,"column":26}}]},"3":{"line":37,"type":"cond-expr","locations":[{"start":{"line":38,"column":14},"end":{"line":38,"column":20}},{"start":{"line":39,"column":14},"end":{"line":39,"column":20}}]},"4":{"line":40,"type":"switch","locations":[{"start":{"line":42,"column":8},"end":{"line":47,"column":18}},{"start":{"line":49,"column":8},"end":{"line":52,"column":18}}]},"5":{"line":44,"type":"binary-expr","locations":[{"start":{"line":44,"column":16},"end":{"line":44,"column":44}},{"start":{"line":44,"column":48},"end":{"line":44,"column":66}}]},"6":{"line":50,"type":"binary-expr","locations":[{"start":{"line":50,"column":21},"end":{"line":50,"column":49}},{"start":{"line":50,"column":53},"end":{"line":50,"column":72}}]},"7":{"line":64,"type":"switch","locations":[{"start":{"line":69,"column":4},"end":{"line":70,"column":14}},{"start":{"line":75,"column":4},"end":{"line":76,"column":14}}]},"8":{"line":85,"type":"switch","locations":[{"start":{"line":90,"column":4},"end":{"line":95,"column":14}},{"start":{"line":101,"column":4},"end":{"line":183,"column":14},"skip":true}]},"9":{"line":92,"type":"binary-expr","locations":[{"start":{"line":92,"column":18},"end":{"line":92,"column":32}},{"start":{"line":93,"column":12},"end":{"line":93,"column":53}},{"start":{"line":94,"column":12},"end":{"line":94,"column":61}}]},"10":{"line":102,"type":"binary-expr","locations":[{"start":{"line":102,"column":45},"end":{"line":102,"column":79},"skip":true},{"start":{"line":102,"column":83},"end":{"line":111,"column":9},"skip":true}]},"11":{"line":113,"type":"binary-expr","locations":[{"start":{"line":113,"column":42},"end":{"line":113,"column":73},"skip":true},{"start":{"line":113,"column":77},"end":{"line":126,"column":9},"skip":true}]},"12":{"line":128,"type":"binary-expr","locations":[{"start":{"line":128,"column":48},"end":{"line":128,"column":85},"skip":true},{"start":{"line":129,"column":12},"end":{"line":135,"column":13},"skip":true}]},"13":{"line":137,"type":"binary-expr","locations":[{"start":{"line":137,"column":42},"end":{"line":137,"column":73},"skip":true},{"start":{"line":137,"column":77},"end":{"line":146,"column":9},"skip":true}]},"14":{"line":148,"type":"binary-expr","locations":[{"start":{"line":148,"column":45},"end":{"line":148,"column":79},"skip":true},{"start":{"line":148,"column":83},"end":{"line":157,"column":9},"skip":true}]},"15":{"line":159,"type":"binary-expr","locations":[{"start":{"line":159,"column":43},"end":{"line":159,"column":75},"skip":true},{"start":{"line":159,"column":79},"end":{"line":168,"column":9},"skip":true}]},"16":{"line":170,"type":"binary-expr","locations":[{"start":{"line":170,"column":41},"end":{"line":170,"column":71},"skip":true},{"start":{"line":170,"column":75},"end":{"line":179,"column":9},"skip":true}]}},"code":["/* istanbul instrument in package npmtest_sails */","/*jslint","    bitwise: true,","    browser: true,","    maxerr: 8,","    maxlen: 96,","    node: true,","    nomen: true,","    regexp: true,","    stupid: true","*/","(function () {","    'use strict';","    var local;","","","","    // run shared js-env code - pre-init","    (function () {","        // init local","        local = {};","        // init modeJs","        local.modeJs = (function () {","            try {","                return typeof navigator.userAgent === 'string' &&","                    typeof document.querySelector('body') === 'object' &&","                    typeof XMLHttpRequest.prototype.open === 'function' &&","                    'browser';","            } catch (errorCaughtBrowser) {","                return module.exports &&","                    typeof process.versions.node === 'string' &&","                    typeof require('http').createServer === 'function' &&","                    'node';","            }","        }());","        // init global","        local.global = local.modeJs === 'browser'","            ? window","            : global;","        switch (local.modeJs) {","        // re-init local from window.local","        case 'browser':","            local = local.global.utility2.objectSetDefault(","                local.global.utility2_rollup || local.global.local,","                local.global.utility2","            );","            break;","        // re-init local from example.js","        case 'node':","            local = (local.global.utility2_rollup || require('utility2'))","                .requireExampleJsFromReadme();","            break;","        }","        // export local","        local.global.local = local;","    }());","","","","    // run shared js-env code - function","    (function () {","        return;","    }());","    switch (local.modeJs) {","","","","    // run browser js-env code - function","    case 'browser':","        break;","","","","    // run node js-env code - function","    case 'node':","        break;","    }","","","","    // run shared js-env code - post-init","    (function () {","        return;","    }());","    switch (local.modeJs) {","","","","    // run browser js-env code - post-init","    case 'browser':","        // run tests","        local.nop(local.modeTest &&","            document.querySelector('#testRunButton1') &&","            document.querySelector('#testRunButton1').click());","        break;","","","","    // run node js-env code - post-init","    /* istanbul ignore next */","    case 'node':","        local.testCase_buildApidoc_default = local.testCase_buildApidoc_default || function (","            options,","            onError","        ) {","        /*","         * this function will test buildApidoc's default handling-behavior-behavior","         */","            options = { modulePathList: module.paths };","            local.buildApidoc(options, onError);","        };","","        local.testCase_buildApp_default = local.testCase_buildApp_default || function (","            options,","            onError","        ) {","        /*","         * this function will test buildApp's default handling-behavior-behavior","         */","            local.testCase_buildReadme_default(options, local.onErrorThrow);","            local.testCase_buildLib_default(options, local.onErrorThrow);","            local.testCase_buildTest_default(options, local.onErrorThrow);","            local.testCase_buildCustomOrg_default(options, local.onErrorThrow);","            options = [];","            local.buildApp(options, onError);","        };","","        local.testCase_buildCustomOrg_default = local.testCase_buildCustomOrg_default ||","            function (options, onError) {","            /*","             * this function will test buildCustomOrg's default handling-behavior","             */","                options = {};","                local.buildCustomOrg(options, onError);","            };","","        local.testCase_buildLib_default = local.testCase_buildLib_default || function (","            options,","            onError","        ) {","        /*","         * this function will test buildLib's default handling-behavior","         */","            options = {};","            local.buildLib(options, onError);","        };","","        local.testCase_buildReadme_default = local.testCase_buildReadme_default || function (","            options,","            onError","        ) {","        /*","         * this function will test buildReadme's default handling-behavior-behavior","         */","            options = {};","            local.buildReadme(options, onError);","        };","","        local.testCase_buildTest_default = local.testCase_buildTest_default || function (","            options,","            onError","        ) {","        /*","         * this function will test buildTest's default handling-behavior","         */","            options = {};","            local.buildTest(options, onError);","        };","","        local.testCase_webpage_default = local.testCase_webpage_default || function (","            options,","            onError","        ) {","        /*","         * this function will test webpage's default handling-behavior","         */","            options = { modeCoverageMerge: true, url: local.serverLocalHost + '?modeTest=1' };","            local.browserTest(options, onError);","        };","","        // run test-server","        local.testRunServer(local);","        break;","    }","}());",""],"l":{"12":2,"14":2,"19":2,"21":2,"23":2,"24":2,"25":2,"30":1,"37":2,"40":2,"43":1,"47":1,"50":1,"52":1,"55":2,"61":2,"62":2,"64":2,"70":1,"76":1,"82":2,"83":2,"85":2,"92":1,"95":1,"102":1,"109":1,"110":1,"113":1,"120":1,"121":1,"122":1,"123":1,"124":1,"125":1,"128":1,"133":2,"134":2,"137":1,"144":2,"145":2,"148":1,"155":2,"156":2,"159":1,"166":2,"167":2,"170":1,"177":1,"178":1,"182":1,"183":1}},"/home/travis/build/npmtest/node-npmtest-sails/lib.npmtest_sails.js":{"path":"/home/travis/build/npmtest/node-npmtest-sails/lib.npmtest_sails.js","s":{"1":2,"2":2,"3":2,"4":2,"5":2,"6":2,"7":2,"8":1,"9":2,"10":2,"11":2,"12":2,"13":1,"14":1,"15":1,"16":1},"b":{"1":[2,1,1,1],"2":[1,1,1,1],"3":[1,1],"4":[2,2],"5":[1,1]},"f":{"1":2,"2":2,"3":2},"fnMap":{"1":{"name":"(anonymous_1)","line":12,"loc":{"start":{"line":12,"column":1},"end":{"line":12,"column":13}}},"2":{"name":"(anonymous_2)","line":19,"loc":{"start":{"line":19,"column":5},"end":{"line":19,"column":17}}},"3":{"name":"(anonymous_3)","line":23,"loc":{"start":{"line":23,"column":24},"end":{"line":23,"column":36}}}},"statementMap":{"1":{"start":{"line":12,"column":0},"end":{"line":53,"column":5}},"2":{"start":{"line":14,"column":4},"end":{"line":14,"column":14}},"3":{"start":{"line":19,"column":4},"end":{"line":52,"column":9}},"4":{"start":{"line":21,"column":8},"end":{"line":21,"column":19}},"5":{"start":{"line":23,"column":8},"end":{"line":35,"column":13}},"6":{"start":{"line":24,"column":12},"end":{"line":34,"column":13}},"7":{"start":{"line":25,"column":16},"end":{"line":28,"column":30}},"8":{"start":{"line":30,"column":16},"end":{"line":33,"column":27}},"9":{"start":{"line":37,"column":8},"end":{"line":39,"column":21}},"10":{"start":{"line":41,"column":8},"end":{"line":41,"column":54}},"11":{"start":{"line":43,"column":8},"end":{"line":43,"column":50}},"12":{"start":{"line":45,"column":8},"end":{"line":51,"column":9}},"13":{"start":{"line":46,"column":12},"end":{"line":46,"column":56}},"14":{"start":{"line":48,"column":12},"end":{"line":48,"column":35}},"15":{"start":{"line":49,"column":12},"end":{"line":49,"column":49}},"16":{"start":{"line":50,"column":12},"end":{"line":50,"column":43}}},"branchMap":{"1":{"line":25,"type":"binary-expr","locations":[{"start":{"line":25,"column":23},"end":{"line":25,"column":62}},{"start":{"line":26,"column":20},"end":{"line":26,"column":70}},{"start":{"line":27,"column":20},"end":{"line":27,"column":71}},{"start":{"line":28,"column":20},"end":{"line":28,"column":29}}]},"2":{"line":30,"type":"binary-expr","locations":[{"start":{"line":30,"column":23},"end":{"line":30,"column":37}},{"start":{"line":31,"column":20},"end":{"line":31,"column":61}},{"start":{"line":32,"column":20},"end":{"line":32,"column":70}},{"start":{"line":33,"column":20},"end":{"line":33,"column":26}}]},"3":{"line":37,"type":"cond-expr","locations":[{"start":{"line":38,"column":14},"end":{"line":38,"column":20}},{"start":{"line":39,"column":14},"end":{"line":39,"column":20}}]},"4":{"line":41,"type":"binary-expr","locations":[{"start":{"line":41,"column":16},"end":{"line":41,"column":44}},{"start":{"line":41,"column":48},"end":{"line":41,"column":53}}]},"5":{"line":45,"type":"if","locations":[{"start":{"line":45,"column":8},"end":{"line":45,"column":8}},{"start":{"line":45,"column":8},"end":{"line":45,"column":8}}]}},"code":["/* istanbul instrument in package npmtest_sails */","/*jslint","    bitwise: true,","    browser: true,","    maxerr: 8,","    maxlen: 96,","    node: true,","    nomen: true,","    regexp: true,","    stupid: true","*/","(function () {","    'use strict';","    var local;","","","","    // run shared js-env code - pre-init","    (function () {","        // init local","        local = {};","        // init modeJs","        local.modeJs = (function () {","            try {","                return typeof navigator.userAgent === 'string' &&","                    typeof document.querySelector('body') === 'object' &&","                    typeof XMLHttpRequest.prototype.open === 'function' &&","                    'browser';","            } catch (errorCaughtBrowser) {","                return module.exports &&","                    typeof process.versions.node === 'string' &&","                    typeof require('http').createServer === 'function' &&","                    'node';","            }","        }());","        // init global","        local.global = local.modeJs === 'browser'","            ? window","            : global;","        // init utility2_rollup","        local = local.global.utility2_rollup || local;","        // init lib","        local.local = local.npmtest_sails = local;","        // init exports","        if (local.modeJs === 'browser') {","            local.global.utility2_npmtest_sails = local;","        } else {","            module.exports = local;","            module.exports.__dirname = __dirname;","            module.exports.module = module;","        }","    }());","}());",""],"l":{"12":2,"14":2,"19":2,"21":2,"23":2,"24":2,"25":2,"30":1,"37":2,"41":2,"43":2,"45":2,"46":1,"48":1,"49":1,"50":1}},"/home/travis/build/npmtest/node-npmtest-sails/example.js":{"path":"/home/travis/build/npmtest/node-npmtest-sails/example.js","s":{"1":2,"2":2,"3":2,"4":2,"5":2,"6":2,"7":2,"8":1,"9":2,"10":2,"11":2,"12":2,"13":1,"14":2,"15":2,"16":2,"17":2,"18":2,"19":0,"20":2,"21":1,"22":1,"23":1,"24":1,"25":1,"26":0,"27":0,"28":1,"29":1,"30":2,"31":0,"32":0,"33":0,"34":1,"35":2,"36":2,"37":2,"38":2,"39":2,"40":2,"41":0,"42":2,"43":2,"44":2,"45":1,"46":3,"47":1,"48":1,"49":1,"50":1,"51":1,"52":1,"53":1,"54":1,"55":1,"56":1,"57":0,"58":1,"59":6,"60":6,"61":1,"62":2,"63":0,"64":2,"65":1,"66":1,"67":0,"68":0,"69":0,"70":0,"71":0,"72":0,"73":0,"74":0,"75":0,"76":0,"77":0,"78":0,"79":0,"80":0,"81":0,"82":0,"83":0},"b":{"1":[2,1,1,1],"2":[1,1,1,1],"3":[1,1],"4":[2,2],"5":[1,1],"6":[1,1],"7":[2,0],"8":[2,1,1,1,1,1],"9":[0,2,0],"10":[1,1],"11":[2,1,1],"12":[1,0],"13":[0,2],"14":[2,0,0,0,0,0,0],"15":[0,2],"16":[2,0],"17":[1,1],"18":[0,1],"19":[1,2,0,2],"20":[1,0],"21":[1,1],"22":[0,0],"23":[0,0],"24":[0,0],"25":[0,0],"26":[0,0],"27":[0,0],"28":[0,0]},"f":{"1":2,"2":2,"3":2,"4":2,"5":2,"6":2,"7":2,"8":2,"9":3,"10":1,"11":6,"12":0},"fnMap":{"1":{"name":"(anonymous_1)","line":26,"loc":{"start":{"line":26,"column":1},"end":{"line":26,"column":13}}},"2":{"name":"(anonymous_2)","line":33,"loc":{"start":{"line":33,"column":5},"end":{"line":33,"column":17}}},"3":{"name":"(anonymous_3)","line":37,"loc":{"start":{"line":37,"column":24},"end":{"line":37,"column":36}}},"4":{"name":"(anonymous_4)","line":69,"loc":{"start":{"line":69,"column":31},"end":{"line":69,"column":48}},"skip":true},"5":{"name":"(anonymous_5)","line":78,"loc":{"start":{"line":78,"column":26},"end":{"line":78,"column":45}},"skip":true},"6":{"name":"(anonymous_6)","line":123,"loc":{"start":{"line":123,"column":33},"end":{"line":123,"column":48}},"skip":true},"7":{"name":"(anonymous_7)","line":125,"loc":{"start":{"line":125,"column":27},"end":{"line":125,"column":39}},"skip":true},"8":{"name":"(anonymous_8)","line":133,"loc":{"start":{"line":133,"column":59},"end":{"line":133,"column":74}},"skip":true},"9":{"name":"(anonymous_9)","line":143,"loc":{"start":{"line":143,"column":45},"end":{"line":143,"column":62}},"skip":true},"10":{"name":"(anonymous_10)","line":144,"loc":{"start":{"line":144,"column":73},"end":{"line":144,"column":92}},"skip":true},"11":{"name":"(anonymous_11)","line":272,"loc":{"start":{"line":272,"column":51},"end":{"line":272,"column":77}},"skip":true},"12":{"name":"(anonymous_12)","line":314,"loc":{"start":{"line":314,"column":32},"end":{"line":314,"column":61}},"skip":true}},"statementMap":{"1":{"start":{"line":26,"column":0},"end":{"line":325,"column":5}},"2":{"start":{"line":28,"column":4},"end":{"line":28,"column":14}},"3":{"start":{"line":33,"column":4},"end":{"line":60,"column":9}},"4":{"start":{"line":35,"column":8},"end":{"line":35,"column":19}},"5":{"start":{"line":37,"column":8},"end":{"line":49,"column":13}},"6":{"start":{"line":38,"column":12},"end":{"line":48,"column":13}},"7":{"start":{"line":39,"column":16},"end":{"line":42,"column":30}},"8":{"start":{"line":44,"column":16},"end":{"line":47,"column":27}},"9":{"start":{"line":51,"column":8},"end":{"line":53,"column":21}},"10":{"start":{"line":55,"column":8},"end":{"line":57,"column":45}},"11":{"start":{"line":59,"column":8},"end":{"line":59,"column":35}},"12":{"start":{"line":61,"column":4},"end":{"line":324,"column":5}},"13":{"start":{"line":69,"column":8},"end":{"line":121,"column":10},"skip":true},"14":{"start":{"line":70,"column":12},"end":{"line":88,"column":13},"skip":true},"15":{"start":{"line":76,"column":16},"end":{"line":87,"column":19},"skip":true},"16":{"start":{"line":79,"column":20},"end":{"line":86,"column":21},"skip":true},"17":{"start":{"line":82,"column":24},"end":{"line":82,"column":43},"skip":true},"18":{"start":{"line":83,"column":24},"end":{"line":83,"column":30},"skip":true},"19":{"start":{"line":85,"column":24},"end":{"line":85,"column":49},"skip":true},"20":{"start":{"line":89,"column":12},"end":{"line":107,"column":13},"skip":true},"21":{"start":{"line":92,"column":16},"end":{"line":102,"column":17},"skip":true},"22":{"start":{"line":93,"column":20},"end":{"line":93,"column":86},"skip":true},"23":{"start":{"line":94,"column":20},"end":{"line":95,"column":45},"skip":true},"24":{"start":{"line":96,"column":20},"end":{"line":96,"column":42},"skip":true},"25":{"start":{"line":97,"column":20},"end":{"line":97,"column":48},"skip":true},"26":{"start":{"line":100,"column":20},"end":{"line":100,"column":85},"skip":true},"27":{"start":{"line":101,"column":20},"end":{"line":101,"column":96},"skip":true},"28":{"start":{"line":103,"column":16},"end":{"line":103,"column":22},"skip":true},"29":{"start":{"line":106,"column":16},"end":{"line":106,"column":22},"skip":true},"30":{"start":{"line":108,"column":12},"end":{"line":120,"column":13},"skip":true},"31":{"start":{"line":114,"column":16},"end":{"line":119,"column":17},"skip":true},"32":{"start":{"line":116,"column":20},"end":{"line":116,"column":78},"skip":true},"33":{"start":{"line":118,"column":20},"end":{"line":118,"column":47},"skip":true},"34":{"start":{"line":123,"column":8},"end":{"line":141,"column":11},"skip":true},"35":{"start":{"line":124,"column":12},"end":{"line":124,"column":54},"skip":true},"36":{"start":{"line":125,"column":12},"end":{"line":140,"column":14},"skip":true},"37":{"start":{"line":126,"column":16},"end":{"line":126,"column":28},"skip":true},"38":{"start":{"line":127,"column":16},"end":{"line":127,"column":69},"skip":true},"39":{"start":{"line":128,"column":16},"end":{"line":128,"column":75},"skip":true},"40":{"start":{"line":129,"column":16},"end":{"line":131,"column":17},"skip":true},"41":{"start":{"line":130,"column":20},"end":{"line":130,"column":27},"skip":true},"42":{"start":{"line":133,"column":16},"end":{"line":137,"column":36},"skip":true},"43":{"start":{"line":134,"column":20},"end":{"line":136,"column":55},"skip":true},"44":{"start":{"line":139,"column":16},"end":{"line":139,"column":57},"skip":true},"45":{"start":{"line":143,"column":8},"end":{"line":147,"column":11},"skip":true},"46":{"start":{"line":144,"column":12},"end":{"line":146,"column":15},"skip":true},"47":{"start":{"line":145,"column":16},"end":{"line":145,"column":70},"skip":true},"48":{"start":{"line":149,"column":8},"end":{"line":149,"column":31},"skip":true},"49":{"start":{"line":150,"column":8},"end":{"line":150,"column":14},"skip":true},"50":{"start":{"line":158,"column":8},"end":{"line":158,"column":31},"skip":true},"51":{"start":{"line":160,"column":8},"end":{"line":160,"column":33},"skip":true},"52":{"start":{"line":161,"column":8},"end":{"line":161,"column":37},"skip":true},"53":{"start":{"line":162,"column":8},"end":{"line":162,"column":35},"skip":true},"54":{"start":{"line":164,"column":8},"end":{"line":164,"column":50},"skip":true},"55":{"start":{"line":166,"column":8},"end":{"line":256,"column":2},"skip":true},"56":{"start":{"line":258,"column":8},"end":{"line":286,"column":9},"skip":true},"57":{"start":{"line":259,"column":12},"end":{"line":269,"column":14},"skip":true},"58":{"start":{"line":271,"column":12},"end":{"line":285,"column":19},"skip":true},"59":{"start":{"line":274,"column":20},"end":{"line":274,"column":35},"skip":true},"60":{"start":{"line":275,"column":20},"end":{"line":284,"column":21},"skip":true},"61":{"start":{"line":277,"column":24},"end":{"line":277,"column":64},"skip":true},"62":{"start":{"line":279,"column":24},"end":{"line":279,"column":40},"skip":true},"63":{"start":{"line":281,"column":24},"end":{"line":281,"column":40},"skip":true},"64":{"start":{"line":283,"column":24},"end":{"line":283,"column":39},"skip":true},"65":{"start":{"line":288,"column":8},"end":{"line":290,"column":9},"skip":true},"66":{"start":{"line":289,"column":12},"end":{"line":289,"column":18},"skip":true},"67":{"start":{"line":291,"column":8},"end":{"line":293,"column":54},"skip":true},"68":{"start":{"line":294,"column":8},"end":{"line":301,"column":37},"skip":true},"69":{"start":{"line":302,"column":8},"end":{"line":302,"column":82},"skip":true},"70":{"start":{"line":305,"column":8},"end":{"line":307,"column":9},"skip":true},"71":{"start":{"line":306,"column":12},"end":{"line":306,"column":82},"skip":true},"72":{"start":{"line":309,"column":8},"end":{"line":311,"column":9},"skip":true},"73":{"start":{"line":310,"column":12},"end":{"line":310,"column":18},"skip":true},"74":{"start":{"line":312,"column":8},"end":{"line":312,"column":54},"skip":true},"75":{"start":{"line":313,"column":8},"end":{"line":313,"column":69},"skip":true},"76":{"start":{"line":314,"column":8},"end":{"line":322,"column":36},"skip":true},"77":{"start":{"line":315,"column":12},"end":{"line":315,"column":61},"skip":true},"78":{"start":{"line":316,"column":12},"end":{"line":319,"column":13},"skip":true},"79":{"start":{"line":317,"column":16},"end":{"line":317,"column":75},"skip":true},"80":{"start":{"line":318,"column":16},"end":{"line":318,"column":23},"skip":true},"81":{"start":{"line":320,"column":12},"end":{"line":320,"column":38},"skip":true},"82":{"start":{"line":321,"column":12},"end":{"line":321,"column":27},"skip":true},"83":{"start":{"line":323,"column":8},"end":{"line":323,"column":14},"skip":true}},"branchMap":{"1":{"line":39,"type":"binary-expr","locations":[{"start":{"line":39,"column":23},"end":{"line":39,"column":62}},{"start":{"line":40,"column":20},"end":{"line":40,"column":70}},{"start":{"line":41,"column":20},"end":{"line":41,"column":71}},{"start":{"line":42,"column":20},"end":{"line":42,"column":29}}]},"2":{"line":44,"type":"binary-expr","locations":[{"start":{"line":44,"column":23},"end":{"line":44,"column":37}},{"start":{"line":45,"column":20},"end":{"line":45,"column":61}},{"start":{"line":46,"column":20},"end":{"line":46,"column":70}},{"start":{"line":47,"column":20},"end":{"line":47,"column":26}}]},"3":{"line":51,"type":"cond-expr","locations":[{"start":{"line":52,"column":14},"end":{"line":52,"column":20}},{"start":{"line":53,"column":14},"end":{"line":53,"column":20}}]},"4":{"line":55,"type":"binary-expr","locations":[{"start":{"line":55,"column":16},"end":{"line":55,"column":44}},{"start":{"line":55,"column":49},"end":{"line":57,"column":43}}]},"5":{"line":55,"type":"cond-expr","locations":[{"start":{"line":56,"column":14},"end":{"line":56,"column":49}},{"start":{"line":57,"column":14},"end":{"line":57,"column":43}}]},"6":{"line":61,"type":"switch","locations":[{"start":{"line":68,"column":4},"end":{"line":150,"column":14},"skip":true},{"start":{"line":156,"column":4},"end":{"line":323,"column":14},"skip":true}]},"7":{"line":70,"type":"if","locations":[{"start":{"line":70,"column":12},"end":{"line":70,"column":12},"skip":true},{"start":{"line":70,"column":12},"end":{"line":70,"column":12},"skip":true}]},"8":{"line":70,"type":"binary-expr","locations":[{"start":{"line":70,"column":16},"end":{"line":70,"column":22},"skip":true},{"start":{"line":70,"column":27},"end":{"line":70,"column":32},"skip":true},{"start":{"line":71,"column":20},"end":{"line":71,"column":39},"skip":true},{"start":{"line":72,"column":20},"end":{"line":72,"column":49},"skip":true},{"start":{"line":73,"column":20},"end":{"line":73,"column":58},"skip":true},{"start":{"line":74,"column":20},"end":{"line":74,"column":69},"skip":true}]},"9":{"line":79,"type":"switch","locations":[{"start":{"line":80,"column":20},"end":{"line":80,"column":33},"skip":true},{"start":{"line":81,"column":20},"end":{"line":83,"column":30},"skip":true},{"start":{"line":84,"column":20},"end":{"line":85,"column":49},"skip":true}]},"10":{"line":89,"type":"switch","locations":[{"start":{"line":90,"column":12},"end":{"line":103,"column":22},"skip":true},{"start":{"line":105,"column":12},"end":{"line":106,"column":22},"skip":true}]},"11":{"line":89,"type":"binary-expr","locations":[{"start":{"line":89,"column":20},"end":{"line":89,"column":25},"skip":true},{"start":{"line":89,"column":29},"end":{"line":89,"column":48},"skip":true},{"start":{"line":89,"column":52},"end":{"line":89,"column":74},"skip":true}]},"12":{"line":92,"type":"if","locations":[{"start":{"line":92,"column":16},"end":{"line":92,"column":16},"skip":true},{"start":{"line":92,"column":16},"end":{"line":92,"column":16},"skip":true}]},"13":{"line":108,"type":"if","locations":[{"start":{"line":108,"column":12},"end":{"line":108,"column":12},"skip":true},{"start":{"line":108,"column":12},"end":{"line":108,"column":12},"skip":true}]},"14":{"line":108,"type":"binary-expr","locations":[{"start":{"line":108,"column":16},"end":{"line":108,"column":61},"skip":true},{"start":{"line":108,"column":66},"end":{"line":108,"column":72},"skip":true},{"start":{"line":108,"column":77},"end":{"line":108,"column":82},"skip":true},{"start":{"line":109,"column":20},"end":{"line":109,"column":39},"skip":true},{"start":{"line":110,"column":20},"end":{"line":110,"column":49},"skip":true},{"start":{"line":111,"column":20},"end":{"line":111,"column":58},"skip":true},{"start":{"line":112,"column":20},"end":{"line":112,"column":68},"skip":true}]},"15":{"line":129,"type":"if","locations":[{"start":{"line":129,"column":16},"end":{"line":129,"column":16},"skip":true},{"start":{"line":129,"column":16},"end":{"line":129,"column":16},"skip":true}]},"16":{"line":134,"type":"cond-expr","locations":[{"start":{"line":135,"column":26},"end":{"line":135,"column":29},"skip":true},{"start":{"line":136,"column":26},"end":{"line":136,"column":54},"skip":true}]},"17":{"line":164,"type":"binary-expr","locations":[{"start":{"line":164,"column":27},"end":{"line":164,"column":43},"skip":true},{"start":{"line":164,"column":47},"end":{"line":164,"column":49},"skip":true}]},"18":{"line":258,"type":"if","locations":[{"start":{"line":258,"column":8},"end":{"line":258,"column":8},"skip":true},{"start":{"line":258,"column":8},"end":{"line":258,"column":8},"skip":true}]},"19":{"line":275,"type":"switch","locations":[{"start":{"line":276,"column":20},"end":{"line":277,"column":64},"skip":true},{"start":{"line":278,"column":20},"end":{"line":279,"column":40},"skip":true},{"start":{"line":280,"column":20},"end":{"line":281,"column":40},"skip":true},{"start":{"line":282,"column":20},"end":{"line":283,"column":39},"skip":true}]},"20":{"line":288,"type":"if","locations":[{"start":{"line":288,"column":8},"end":{"line":288,"column":8},"skip":true},{"start":{"line":288,"column":8},"end":{"line":288,"column":8},"skip":true}]},"21":{"line":288,"type":"binary-expr","locations":[{"start":{"line":288,"column":12},"end":{"line":288,"column":40},"skip":true},{"start":{"line":288,"column":44},"end":{"line":288,"column":67},"skip":true}]},"22":{"line":292,"type":"binary-expr","locations":[{"start":{"line":292,"column":12},"end":{"line":292,"column":50},"skip":true},{"start":{"line":293,"column":12},"end":{"line":293,"column":53},"skip":true}]},"23":{"line":295,"type":"binary-expr","locations":[{"start":{"line":295,"column":12},"end":{"line":295,"column":63},"skip":true},{"start":{"line":296,"column":12},"end":{"line":301,"column":36},"skip":true}]},"24":{"line":302,"type":"binary-expr","locations":[{"start":{"line":302,"column":43},"end":{"line":302,"column":75},"skip":true},{"start":{"line":302,"column":79},"end":{"line":302,"column":81},"skip":true}]},"25":{"line":305,"type":"if","locations":[{"start":{"line":305,"column":8},"end":{"line":305,"column":8},"skip":true},{"start":{"line":305,"column":8},"end":{"line":305,"column":8},"skip":true}]},"26":{"line":309,"type":"if","locations":[{"start":{"line":309,"column":8},"end":{"line":309,"column":8},"skip":true},{"start":{"line":309,"column":8},"end":{"line":309,"column":8},"skip":true}]},"27":{"line":312,"type":"binary-expr","locations":[{"start":{"line":312,"column":27},"end":{"line":312,"column":43},"skip":true},{"start":{"line":312,"column":47},"end":{"line":312,"column":53},"skip":true}]},"28":{"line":316,"type":"if","locations":[{"start":{"line":316,"column":12},"end":{"line":316,"column":12},"skip":true},{"start":{"line":316,"column":12},"end":{"line":316,"column":12},"skip":true}]}},"code":["/*","example.js","","quickstart example","","instruction","    1. save this script as example.js","    2. run the shell command:","        $ npm install npmtest-sails && PORT=8081 node example.js","    3. play with the browser-demo on http://127.0.0.1:8081","*/","","","","/* istanbul instrument in package npmtest_sails */","/*jslint","    bitwise: true,","    browser: true,","    maxerr: 8,","    maxlen: 96,","    node: true,","    nomen: true,","    regexp: true,","    stupid: true","*/","(function () {","    'use strict';","    var local;","","","","    // run shared js-env code - pre-init","    (function () {","        // init local","        local = {};","        // init modeJs","        local.modeJs = (function () {","            try {","                return typeof navigator.userAgent === 'string' &&","                    typeof document.querySelector('body') === 'object' &&","                    typeof XMLHttpRequest.prototype.open === 'function' &&","                    'browser';","            } catch (errorCaughtBrowser) {","                return module.exports &&","                    typeof process.versions.node === 'string' &&","                    typeof require('http').createServer === 'function' &&","                    'node';","            }","        }());","        // init global","        local.global = local.modeJs === 'browser'","            ? window","            : global;","        // init utility2_rollup","        local = local.global.utility2_rollup || (local.modeJs === 'browser'","            ? local.global.utility2_npmtest_sails","            : global.utility2_moduleExports);","        // export local","        local.global.local = local;","    }());","    switch (local.modeJs) {","","","","    // post-init","    // run browser js-env code - post-init","    /* istanbul ignore next */","    case 'browser':","        local.testRunBrowser = function (event) {","            if (!event || (event &&","                    event.currentTarget &&","                    event.currentTarget.className &&","                    event.currentTarget.className.includes &&","                    event.currentTarget.className.includes('onreset'))) {","                // reset output","                Array.from(","                    document.querySelectorAll('body > .resettable')","                ).forEach(function (element) {","                    switch (element.tagName) {","                    case 'INPUT':","                    case 'TEXTAREA':","                        element.value = '';","                        break;","                    default:","                        element.textContent = '';","                    }","                });","            }","            switch (event && event.currentTarget && event.currentTarget.id) {","            case 'testRunButton1':","                // show tests","                if (document.querySelector('#testReportDiv1').style.display === 'none') {","                    document.querySelector('#testReportDiv1').style.display = 'block';","                    document.querySelector('#testRunButton1').textContent =","                        'hide internal test';","                    local.modeTest = true;","                    local.testRunDefault(local);","                // hide tests","                } else {","                    document.querySelector('#testReportDiv1').style.display = 'none';","                    document.querySelector('#testRunButton1').textContent = 'run internal test';","                }","                break;","            // custom-case","            default:","                break;","            }","            if (document.querySelector('#inputTextareaEval1') && (!event || (event &&","                    event.currentTarget &&","                    event.currentTarget.className &&","                    event.currentTarget.className.includes &&","                    event.currentTarget.className.includes('oneval')))) {","                // try to eval input-code","                try {","                    /*jslint evil: true*/","                    eval(document.querySelector('#inputTextareaEval1').value);","                } catch (errorCaught) {","                    console.error(errorCaught);","                }","            }","        };","        // log stderr and stdout to #outputTextareaStdout1","        ['error', 'log'].forEach(function (key) {","            console[key + '_original'] = console[key];","            console[key] = function () {","                var element;","                console[key + '_original'].apply(console, arguments);","                element = document.querySelector('#outputTextareaStdout1');","                if (!element) {","                    return;","                }","                // append text to #outputTextareaStdout1","                element.value += Array.from(arguments).map(function (arg) {","                    return typeof arg === 'string'","                        ? arg","                        : JSON.stringify(arg, null, 4);","                }).join(' ') + '\\n';","                // scroll textarea to bottom","                element.scrollTop = element.scrollHeight;","            };","        });","        // init event-handling","        ['change', 'click', 'keyup'].forEach(function (event) {","            Array.from(document.querySelectorAll('.on' + event)).forEach(function (element) {","                element.addEventListener(event, local.testRunBrowser);","            });","        });","        // run tests","        local.testRunBrowser();","        break;","","","","    // run node js-env code - post-init","    /* istanbul ignore next */","    case 'node':","        // export local","        module.exports = local;","        // require modules","        local.fs = require('fs');","        local.http = require('http');","        local.url = require('url');","        // init assets","        local.assetsDict = local.assetsDict || {};","        /* jslint-ignore-begin */","        local.assetsDict['/assets.index.template.html'] = '\\","<!doctype html>\\n\\","<html lang=\"en\">\\n\\","<head>\\n\\","<meta charset=\"UTF-8\">\\n\\","<meta name=\"viewport\" content=\"width=device-width, initial-scale=1\">\\n\\","<title>{{env.npm_package_name}} (v{{env.npm_package_version}})</title>\\n\\","<style>\\n\\","/*csslint\\n\\","    box-sizing: false,\\n\\","    universal-selector: false\\n\\","*/\\n\\","* {\\n\\","    box-sizing: border-box;\\n\\","}\\n\\","body {\\n\\","    background: #dde;\\n\\","    font-family: Arial, Helvetica, sans-serif;\\n\\","    margin: 2rem;\\n\\","}\\n\\","body > * {\\n\\","    margin-bottom: 1rem;\\n\\","}\\n\\",".utility2FooterDiv {\\n\\","    margin-top: 20px;\\n\\","    text-align: center;\\n\\","}\\n\\","</style>\\n\\","<style>\\n\\","/*csslint\\n\\","*/\\n\\","textarea {\\n\\","    font-family: monospace;\\n\\","    height: 10rem;\\n\\","    width: 100%;\\n\\","}\\n\\","textarea[readonly] {\\n\\","    background: #ddd;\\n\\","}\\n\\","</style>\\n\\","</head>\\n\\","<body>\\n\\","<!-- utility2-comment\\n\\","<div id=\"ajaxProgressDiv1\" style=\"background: #d00; height: 2px; left: 0; margin: 0; padding: 0; position: fixed; top: 0; transition: background 0.5s, width 1.5s; width: 25%;\"></div>\\n\\","utility2-comment -->\\n\\","<h1>\\n\\","<!-- utility2-comment\\n\\","    <a\\n\\","        {{#if env.npm_package_homepage}}\\n\\","        href=\"{{env.npm_package_homepage}}\"\\n\\","        {{/if env.npm_package_homepage}}\\n\\","        target=\"_blank\"\\n\\","    >\\n\\","utility2-comment -->\\n\\","        {{env.npm_package_name}} (v{{env.npm_package_version}})\\n\\","<!-- utility2-comment\\n\\","    </a>\\n\\","utility2-comment -->\\n\\","</h1>\\n\\","<h3>{{env.npm_package_description}}</h3>\\n\\","<!-- utility2-comment\\n\\","<h4><a download href=\"assets.app.js\">download standalone app</a></h4>\\n\\","<button class=\"onclick onreset\" id=\"testRunButton1\">run internal test</button><br>\\n\\","<div id=\"testReportDiv1\" style=\"display: none;\"></div>\\n\\","utility2-comment -->\\n\\","\\n\\","\\n\\","\\n\\","<label>stderr and stdout</label>\\n\\","<textarea class=\"resettable\" id=\"outputTextareaStdout1\" readonly></textarea>\\n\\","<!-- utility2-comment\\n\\","{{#if isRollup}}\\n\\","<script src=\"assets.app.js\"></script>\\n\\","{{#unless isRollup}}\\n\\","utility2-comment -->\\n\\","<script src=\"assets.utility2.rollup.js\"></script>\\n\\","<script src=\"jsonp.utility2._stateInit?callback=window.utility2._stateInit\"></script>\\n\\","<script src=\"assets.npmtest_sails.rollup.js\"></script>\\n\\","<script src=\"assets.example.js\"></script>\\n\\","<script src=\"assets.test.js\"></script>\\n\\","<!-- utility2-comment\\n\\","{{/if isRollup}}\\n\\","utility2-comment -->\\n\\","<div class=\"utility2FooterDiv\">\\n\\","    [ this app was created with\\n\\","    <a href=\"https://github.com/kaizhu256/node-utility2\" target=\"_blank\">utility2</a>\\n\\","    ]\\n\\","</div>\\n\\","</body>\\n\\","</html>\\n\\","';","        /* jslint-ignore-end */","        if (local.templateRender) {","            local.assetsDict['/'] = local.templateRender(","                local.assetsDict['/assets.index.template.html'],","                {","                    env: local.objectSetDefault(local.env, {","                        npm_package_description: 'the greatest app in the world!',","                        npm_package_name: 'my-app',","                        npm_package_nameAlias: 'my_app',","                        npm_package_version: '0.0.1'","                    })","                }","            );","        } else {","            local.assetsDict['/'] = local.assetsDict['/assets.index.template.html']","                .replace((/\\{\\{env\\.(\\w+?)\\}\\}/g), function (match0, match1) {","                    // jslint-hack","                    String(match0);","                    switch (match1) {","                    case 'npm_package_description':","                        return 'the greatest app in the world!';","                    case 'npm_package_name':","                        return 'my-app';","                    case 'npm_package_nameAlias':","                        return 'my_app';","                    case 'npm_package_version':","                        return '0.0.1';","                    }","                });","        }","        // run the cli","        if (local.global.utility2_rollup || module !== require.main) {","            break;","        }","        local.assetsDict['/assets.example.js'] =","            local.assetsDict['/assets.example.js'] ||","            local.fs.readFileSync(__filename, 'utf8');","        local.assetsDict['/assets.npmtest_sails.rollup.js'] =","            local.assetsDict['/assets.npmtest_sails.rollup.js'] ||","            local.fs.readFileSync(","                // buildCustomOrg-hack","                local.npmtest_sails.__dirname +","                    '/lib.npmtest_sails.js',","                'utf8'","            ).replace((/^#!/), '//');","        local.assetsDict['/favicon.ico'] = local.assetsDict['/favicon.ico'] || '';","        // if $npm_config_timeout_exit exists,","        // then exit this process after $npm_config_timeout_exit ms","        if (Number(process.env.npm_config_timeout_exit)) {","            setTimeout(process.exit, Number(process.env.npm_config_timeout_exit));","        }","        // start server","        if (local.global.utility2_serverHttp1) {","            break;","        }","        process.env.PORT = process.env.PORT || '8081';","        console.error('server starting on port ' + process.env.PORT);","        local.http.createServer(function (request, response) {","            request.urlParsed = local.url.parse(request.url);","            if (local.assetsDict[request.urlParsed.pathname] !== undefined) {","                response.end(local.assetsDict[request.urlParsed.pathname]);","                return;","            }","            response.statusCode = 404;","            response.end();","        }).listen(process.env.PORT);","        break;","    }","}());",""],"l":{"26":2,"28":2,"33":2,"35":2,"37":2,"38":2,"39":2,"44":1,"51":2,"55":2,"59":2,"61":2,"69":1,"70":2,"76":2,"79":2,"82":2,"83":2,"85":1,"89":2,"92":1,"93":1,"94":1,"96":1,"97":1,"100":1,"101":1,"103":1,"106":1,"108":2,"114":1,"116":1,"118":1,"123":1,"124":2,"125":2,"126":2,"127":2,"128":2,"129":2,"130":1,"133":2,"134":2,"139":2,"143":1,"144":3,"145":1,"149":1,"150":1,"158":1,"160":1,"161":1,"162":1,"164":1,"166":1,"258":1,"259":1,"271":1,"274":6,"275":6,"277":1,"279":2,"281":1,"283":2,"288":1,"289":1,"291":1,"294":1,"302":1,"305":1,"306":1,"309":1,"310":1,"312":1,"313":1,"314":1,"315":1,"316":1,"317":1,"318":1,"320":1,"321":1,"323":1}},"/home/travis/build/npmtest/node-npmtest-sails/sails/lib/index.js":{"path":"/home/travis/build/npmtest/node-npmtest-sails/sails/lib/index.js","s":{"1":1,"2":1,"3":1},"b":{},"f":{},"fnMap":{},"statementMap":{"1":{"start":{"line":5,"column":0},"end":{"line":5,"column":29}},"2":{"start":{"line":11,"column":0},"end":{"line":11,"column":29}},"3":{"start":{"line":14,"column":0},"end":{"line":14,"column":29}}},"branchMap":{},"code":["/**"," * Module dependencies"," */","","var Sails = require('./app');","","","","// Instantiate and expose a Sails singleton","// (maintains legacy support)","module.exports = new Sails();","","// Expose constructor for convenience/tests","module.exports.Sails = Sails;","","","// To access the Sails app constructor, do:","// var Sails = require('sails').constructor;","// or:","// var Sails = require('sails').Sails;","//","// Then:","// var newApp = new Sails();",""],"l":{"5":1,"11":1,"14":1}},"/home/travis/build/npmtest/node-npmtest-sails/sails/lib/app/index.js":{"path":"/home/travis/build/npmtest/node-npmtest-sails/sails/lib/app/index.js","s":{"1":1,"2":1,"3":1,"4":1,"5":2,"6":1,"7":1,"8":1},"b":{},"f":{"1":2},"fnMap":{"1":{"name":"SailsFactory","line":17,"loc":{"start":{"line":17,"column":0},"end":{"line":17,"column":24}}}},"statementMap":{"1":{"start":{"line":6,"column":0},"end":{"line":6,"column":31}},"2":{"start":{"line":7,"column":0},"end":{"line":7,"column":35}},"3":{"start":{"line":15,"column":0},"end":{"line":15,"column":30}},"4":{"start":{"line":17,"column":0},"end":{"line":19,"column":1}},"5":{"start":{"line":18,"column":2},"end":{"line":18,"column":21}},"6":{"start":{"line":23,"column":0},"end":{"line":23,"column":31}},"7":{"start":{"line":24,"column":0},"end":{"line":24,"column":80}},"8":{"start":{"line":25,"column":0},"end":{"line":25,"column":74}}},"branchMap":{},"code":["/**"," * Module dependencies."," */","","// try {console.time('require_core');}catch(e){}","var Sails = require('./Sails');","var _ = require('@sailshq/lodash');","","","/**"," * Expose `Sails` factory"," * (maintains backwards compatibility w/ constructor usage)"," */","","module.exports = SailsFactory;","","function SailsFactory() {","  return new Sails();","}","","","// Backwards compatibility for Sails singleton usage:","var singleton = SailsFactory();","SailsFactory.isLocalSailsValid = _.bind(singleton.isLocalSailsValid, singleton);","SailsFactory.isSailsAppSync = _.bind(singleton.isSailsAppSync, singleton);",""],"l":{"6":1,"7":1,"15":1,"17":1,"18":2,"23":1,"24":1,"25":1}},"/home/travis/build/npmtest/node-npmtest-sails/sails/lib/app/Sails.js":{"path":"/home/travis/build/npmtest/node-npmtest-sails/sails/lib/app/Sails.js","s":{"1":1,"2":1,"3":1,"4":1,"5":1,"6":1,"7":1,"8":1,"9":2,"10":2,"11":2,"12":2,"13":2,"14":2,"15":2,"16":2,"17":2,"18":2,"19":2,"20":2,"21":2,"22":2,"23":2,"24":2,"25":2,"26":2,"27":2,"28":2,"29":2,"30":2,"31":2,"32":2,"33":2,"34":2,"35":1,"36":1,"37":1,"38":1,"39":1,"40":0,"41":0,"42":1,"43":1,"44":1,"45":1,"46":1,"47":1,"48":0,"49":0,"50":1,"51":0,"52":0,"53":1,"54":0,"55":0,"56":1,"57":0,"58":0,"59":1,"60":0,"61":0,"62":1,"63":1,"64":1,"65":1,"66":1,"67":1,"68":1,"69":1,"70":1,"71":1,"72":1},"b":{},"f":{"1":2,"2":0,"3":0,"4":0,"5":0,"6":0,"7":0},"fnMap":{"1":{"name":"Sails","line":21,"loc":{"start":{"line":21,"column":0},"end":{"line":21,"column":17}}},"2":{"name":"(anonymous_2)","line":81,"loc":{"start":{"line":81,"column":29},"end":{"line":81,"column":40}}},"3":{"name":"(anonymous_3)","line":101,"loc":{"start":{"line":101,"column":22},"end":{"line":101,"column":45}}},"4":{"name":"(anonymous_4)","line":105,"loc":{"start":{"line":105,"column":22},"end":{"line":105,"column":45}}},"5":{"name":"(anonymous_5)","line":109,"loc":{"start":{"line":109,"column":23},"end":{"line":109,"column":46}}},"6":{"name":"(anonymous_6)","line":113,"loc":{"start":{"line":113,"column":22},"end":{"line":113,"column":45}}},"7":{"name":"(anonymous_7)","line":117,"loc":{"start":{"line":117,"column":50},"end":{"line":117,"column":73}}}},"statementMap":{"1":{"start":{"line":5,"column":0},"end":{"line":5,"column":31}},"2":{"start":{"line":6,"column":0},"end":{"line":6,"column":35}},"3":{"start":{"line":7,"column":0},"end":{"line":7,"column":27}},"4":{"start":{"line":8,"column":0},"end":{"line":8,"column":34}},"5":{"start":{"line":9,"column":0},"end":{"line":9,"column":44}},"6":{"start":{"line":10,"column":0},"end":{"line":10,"column":36}},"7":{"start":{"line":11,"column":0},"end":{"line":11,"column":42}},"8":{"start":{"line":21,"column":0},"end":{"line":66,"column":1}},"9":{"start":{"line":24,"column":2},"end":{"line":24,"column":33}},"10":{"start":{"line":28,"column":2},"end":{"line":28,"column":26}},"11":{"start":{"line":31,"column":2},"end":{"line":31,"column":27}},"12":{"start":{"line":34,"column":2},"end":{"line":34,"column":27}},"13":{"start":{"line":37,"column":2},"end":{"line":37,"column":17}},"14":{"start":{"line":41,"column":2},"end":{"line":41,"column":30}},"15":{"start":{"line":44,"column":2},"end":{"line":44,"column":19}},"16":{"start":{"line":47,"column":2},"end":{"line":47,"column":38}},"17":{"start":{"line":48,"column":2},"end":{"line":48,"column":44}},"18":{"start":{"line":49,"column":2},"end":{"line":49,"column":38}},"19":{"start":{"line":50,"column":2},"end":{"line":50,"column":40}},"20":{"start":{"line":51,"column":2},"end":{"line":51,"column":50}},"21":{"start":{"line":52,"column":2},"end":{"line":52,"column":50}},"22":{"start":{"line":53,"column":2},"end":{"line":53,"column":56}},"23":{"start":{"line":54,"column":2},"end":{"line":54,"column":54}},"24":{"start":{"line":55,"column":2},"end":{"line":55,"column":44}},"25":{"start":{"line":56,"column":2},"end":{"line":56,"column":64}},"26":{"start":{"line":57,"column":2},"end":{"line":57,"column":58}},"27":{"start":{"line":58,"column":2},"end":{"line":58,"column":44}},"28":{"start":{"line":59,"column":2},"end":{"line":59,"column":46}},"29":{"start":{"line":60,"column":2},"end":{"line":60,"column":42}},"30":{"start":{"line":61,"column":2},"end":{"line":61,"column":36}},"31":{"start":{"line":62,"column":2},"end":{"line":62,"column":36}},"32":{"start":{"line":63,"column":2},"end":{"line":63,"column":38}},"33":{"start":{"line":64,"column":2},"end":{"line":64,"column":36}},"34":{"start":{"line":65,"column":2},"end":{"line":65,"column":48}},"35":{"start":{"line":70,"column":0},"end":{"line":70,"column":42}},"36":{"start":{"line":76,"column":0},"end":{"line":76,"column":41}},"37":{"start":{"line":78,"column":0},"end":{"line":78,"column":43}},"38":{"start":{"line":80,"column":0},"end":{"line":80,"column":54}},"39":{"start":{"line":81,"column":0},"end":{"line":84,"column":2}},"40":{"start":{"line":82,"column":2},"end":{"line":82,"column":179}},"41":{"start":{"line":83,"column":2},"end":{"line":83,"column":28}},"42":{"start":{"line":85,"column":0},"end":{"line":85,"column":56}},"43":{"start":{"line":86,"column":0},"end":{"line":86,"column":56}},"44":{"start":{"line":89,"column":0},"end":{"line":89,"column":57}},"45":{"start":{"line":90,"column":0},"end":{"line":90,"column":53}},"46":{"start":{"line":97,"column":0},"end":{"line":97,"column":47}},"47":{"start":{"line":101,"column":0},"end":{"line":104,"column":2}},"48":{"start":{"line":102,"column":2},"end":{"line":102,"column":33}},"49":{"start":{"line":103,"column":2},"end":{"line":103,"column":14}},"50":{"start":{"line":105,"column":0},"end":{"line":108,"column":2}},"51":{"start":{"line":106,"column":2},"end":{"line":106,"column":40}},"52":{"start":{"line":107,"column":2},"end":{"line":107,"column":14}},"53":{"start":{"line":109,"column":0},"end":{"line":112,"column":2}},"54":{"start":{"line":110,"column":2},"end":{"line":110,"column":41}},"55":{"start":{"line":111,"column":2},"end":{"line":111,"column":14}},"56":{"start":{"line":113,"column":0},"end":{"line":116,"column":2}},"57":{"start":{"line":114,"column":2},"end":{"line":114,"column":40}},"58":{"start":{"line":115,"column":2},"end":{"line":115,"column":14}},"59":{"start":{"line":117,"column":0},"end":{"line":120,"column":2}},"60":{"start":{"line":118,"column":2},"end":{"line":118,"column":43}},"61":{"start":{"line":119,"column":2},"end":{"line":119,"column":14}},"62":{"start":{"line":125,"column":0},"end":{"line":125,"column":61}},"63":{"start":{"line":126,"column":0},"end":{"line":126,"column":67}},"64":{"start":{"line":127,"column":0},"end":{"line":127,"column":62}},"65":{"start":{"line":128,"column":0},"end":{"line":128,"column":55}},"66":{"start":{"line":129,"column":0},"end":{"line":129,"column":75}},"67":{"start":{"line":130,"column":0},"end":{"line":130,"column":69}},"68":{"start":{"line":133,"column":0},"end":{"line":133,"column":55}},"69":{"start":{"line":134,"column":0},"end":{"line":134,"column":57}},"70":{"start":{"line":135,"column":0},"end":{"line":135,"column":53}},"71":{"start":{"line":141,"column":0},"end":{"line":141,"column":45}},"72":{"start":{"line":144,"column":0},"end":{"line":144,"column":23}}},"branchMap":{},"code":["/**"," * Module dependencies."," */","","var events = require('events');","var _ = require('@sailshq/lodash');","var util = require('util');","var loadSails = require('./load');","var mixinAfter = require('./private/after');","var __Router = require('../router');","var CaptainsLog = require('captains-log');","","","","/**"," * Construct a Sails (app) instance."," *"," * @constructor"," */","","function Sails() {","","  // Inherit methods from EventEmitter","  events.EventEmitter.call(this);","","  // Remove memory-leak warning about max listeners","  // See: http://nodejs.org/docs/latest/api/events.html#events_emitter_setmaxlisteners_n","  this.setMaxListeners(0);","","  // Keep track of spawned child processes","  this.childProcesses = [];","","  // Ensure CaptainsLog exists","  this.log = CaptainsLog();","","  // Build a Router instance (which will attach itself to the sails object)","  __Router(this);","","  // Mixin `load()` method to load the pieces","  // of a Sails app","  this.load = loadSails(this);","","  // Mixin support for `Sails.prototype.after()`","  mixinAfter(this);","","  // Bind `this` context for all `Sails.prototype.*` methods","  this.load = _.bind(this.load, this);","  this.request = _.bind(this.request, this);","  this.lift = _.bind(this.lift, this);","  this.lower = _.bind(this.lower, this);","  this.getBaseurl = _.bind(this.getBaseurl, this);","  this.initialize = _.bind(this.initialize, this);","  this.exposeGlobals = _.bind(this.exposeGlobals, this);","  this.runBootstrap = _.bind(this.runBootstrap, this);","  this.getHost = _.bind(this.getHost, this);","  this.isLocalSailsValid = _.bind(this.isLocalSailsValid, this);","  this.isSailsAppSync = _.bind(this.isSailsAppSync, this);","  this.inspect = _.bind(this.inspect, this);","  this.toString = _.bind(this.toString, this);","  this.toJSON = _.bind(this.toJSON, this);","  this.all = _.bind(this.all, this);","  this.get = _.bind(this.get, this);","  this.post = _.bind(this.post, this);","  this.put = _.bind(this.put, this);","  this['delete'] = _.bind(this['delete'], this);","}","","","// Extend from EventEmitter to allow hooks to listen to stuff","util.inherits(Sails, events.EventEmitter);","","","// Public methods","////////////////////////////////////////////////////////","","Sails.prototype.lift = require('./lift');","","Sails.prototype.lower = require('./lower');","","Sails.prototype._getBaseUrl = require('./getBaseurl');","Sails.prototype.getBaseurl = function() {","  this.log.warn(\"sails.getBaseUrl() is deprecated and will be removed in Sails v1.0.  See http://sailsjs.org/documentation/reference/application/sails-getbaseurl for more info.\");","  return this._getBaseUrl();","};","Sails.prototype.getBaseURL = Sails.prototype.getBaseurl;","Sails.prototype.getBaseUrl = Sails.prototype.getBaseurl;","","","Sails.prototype.getRouteFor = require('./get-route-for');","Sails.prototype.getUrlFor = require('./get-url-for');","","","","// Experimental methods","////////////////////////////////////////////////////////","","Sails.prototype.request = require('./request');","","","// Expose Express-esque synonyms for low-level usage of router","Sails.prototype.all = function(path, action) {","  this.router.bind(path, action);","  return this;","};","Sails.prototype.get = function(path, action) {","  this.router.bind(path, action, 'get');","  return this;","};","Sails.prototype.post = function(path, action) {","  this.router.bind(path, action, 'post');","  return this;","};","Sails.prototype.put = function(path, action) {","  this.router.bind(path, action, 'put');","  return this;","};","Sails.prototype.del = Sails.prototype['delete'] = function(path, action) {","  this.router.bind(path, action, 'delete');","  return this;","};","","// Private methods:","////////////////////////////////////////////////////////","","Sails.prototype.initialize = require('./private/initialize');","Sails.prototype.exposeGlobals = require('./private/exposeGlobals');","Sails.prototype.runBootstrap = require('./private/bootstrap');","Sails.prototype.getHost = require('./private/getHost');","Sails.prototype.isLocalSailsValid = require('./private/isLocalSailsValid');","Sails.prototype.isSailsAppSync = require('./private/isSailsAppSync');","","// Presentation","Sails.prototype.inspect = require('./private/inspect');","Sails.prototype.toString = require('./private/toString');","Sails.prototype.toJSON = require('./private/toJSON');","","// Utilities","// Includes lodash, node's `util`, and a few additional","// static helper methods.","// (may be deprecated in a future release)","Sails.prototype.util = require('sails-util');","","// Expose Sails constructor","module.exports = Sails;",""],"l":{"5":1,"6":1,"7":1,"8":1,"9":1,"10":1,"11":1,"21":1,"24":2,"28":2,"31":2,"34":2,"37":2,"41":2,"44":2,"47":2,"48":2,"49":2,"50":2,"51":2,"52":2,"53":2,"54":2,"55":2,"56":2,"57":2,"58":2,"59":2,"60":2,"61":2,"62":2,"63":2,"64":2,"65":2,"70":1,"76":1,"78":1,"80":1,"81":1,"82":0,"83":0,"85":1,"86":1,"89":1,"90":1,"97":1,"101":1,"102":0,"103":0,"105":1,"106":0,"107":0,"109":1,"110":0,"111":0,"113":1,"114":0,"115":0,"117":1,"118":0,"119":0,"125":1,"126":1,"127":1,"128":1,"129":1,"130":1,"133":1,"134":1,"135":1,"141":1,"144":1}},"/home/travis/build/npmtest/node-npmtest-sails/sails/lib/app/load.js":{"path":"/home/travis/build/npmtest/node-npmtest-sails/sails/lib/app/load.js","s":{"1":1,"2":1,"3":1,"4":1,"5":1,"6":1,"7":2,"8":2,"9":2,"10":0,"11":0,"12":0,"13":0,"14":0,"15":0,"16":0,"17":0,"18":0,"19":0,"20":0,"21":0,"22":0,"23":0,"24":0,"25":0,"26":0,"27":0,"28":1,"29":0,"30":0,"31":0,"32":0,"33":0,"34":0,"35":0,"36":0,"37":0,"38":0,"39":0,"40":1,"41":0,"42":0,"43":0,"44":0,"45":0,"46":0,"47":0,"48":0,"49":0,"50":1,"51":0,"52":0,"53":0,"54":0,"55":0,"56":0,"57":0},"b":{"1":[0,0],"2":[0,0],"3":[0,0],"4":[0,0],"5":[0,0],"6":[0,0],"7":[0,0],"8":[0,0],"9":[0,0],"10":[0,0],"11":[0,0],"12":[0,0],"13":[0,0,0,0],"14":[0,0]},"f":{"1":2,"2":0,"3":0,"4":0,"5":0,"6":0,"7":0,"8":0,"9":0,"10":0,"11":0,"12":0},"fnMap":{"1":{"name":"(anonymous_1)","line":7,"loc":{"start":{"line":7,"column":17},"end":{"line":7,"column":33}}},"2":{"name":"load","line":18,"loc":{"start":{"line":18,"column":9},"end":{"line":18,"column":43}}},"3":{"name":"populateRegistry","line":67,"loc":{"start":{"line":67,"column":8},"end":{"line":67,"column":38}}},"4":{"name":"(anonymous_4)","line":76,"loc":{"start":{"line":76,"column":32},"end":{"line":76,"column":67}}},"5":{"name":"loadHooks","line":103,"loc":{"start":{"line":103,"column":2},"end":{"line":103,"column":25}}},"6":{"name":"(anonymous_6)","line":113,"loc":{"start":{"line":113,"column":6},"end":{"line":113,"column":19}}},"7":{"name":"(anonymous_7)","line":116,"loc":{"start":{"line":116,"column":6},"end":{"line":116,"column":19}}},"8":{"name":"(anonymous_8)","line":119,"loc":{"start":{"line":119,"column":7},"end":{"line":119,"column":21}}},"9":{"name":"loadHookDefinitions","line":136,"loc":{"start":{"line":136,"column":2},"end":{"line":136,"column":42}}},"10":{"name":"(anonymous_10)","line":154,"loc":{"start":{"line":154,"column":20},"end":{"line":154,"column":44}}},"11":{"name":"ready__","line":170,"loc":{"start":{"line":170,"column":2},"end":{"line":170,"column":23}}},"12":{"name":"(anonymous_12)","line":171,"loc":{"start":{"line":171,"column":11},"end":{"line":171,"column":25}}}},"statementMap":{"1":{"start":{"line":1,"column":0},"end":{"line":1,"column":29}},"2":{"start":{"line":2,"column":0},"end":{"line":2,"column":35}},"3":{"start":{"line":3,"column":0},"end":{"line":3,"column":27}},"4":{"start":{"line":4,"column":0},"end":{"line":4,"column":49}},"5":{"start":{"line":5,"column":0},"end":{"line":5,"column":55}},"6":{"start":{"line":7,"column":0},"end":{"line":187,"column":2}},"7":{"start":{"line":9,"column":2},"end":{"line":9,"column":45}},"8":{"start":{"line":10,"column":2},"end":{"line":10,"column":49}},"9":{"start":{"line":18,"column":2},"end":{"line":94,"column":4}},"10":{"start":{"line":20,"column":4},"end":{"line":22,"column":5}},"11":{"start":{"line":21,"column":6},"end":{"line":21,"column":268}},"12":{"start":{"line":25,"column":4},"end":{"line":28,"column":5}},"13":{"start":{"line":26,"column":6},"end":{"line":26,"column":26}},"14":{"start":{"line":27,"column":6},"end":{"line":27,"column":26}},"15":{"start":{"line":31,"column":4},"end":{"line":31,"column":42}},"16":{"start":{"line":32,"column":4},"end":{"line":32,"column":47}},"17":{"start":{"line":37,"column":4},"end":{"line":39,"column":5}},"18":{"start":{"line":38,"column":6},"end":{"line":38,"column":56}},"19":{"start":{"line":43,"column":4},"end":{"line":43,"column":60}},"20":{"start":{"line":45,"column":4},"end":{"line":90,"column":20}},"21":{"start":{"line":69,"column":10},"end":{"line":69,"column":57}},"22":{"start":{"line":74,"column":10},"end":{"line":79,"column":17}},"23":{"start":{"line":77,"column":12},"end":{"line":77,"column":49}},"24":{"start":{"line":78,"column":12},"end":{"line":78,"column":28}},"25":{"start":{"line":81,"column":10},"end":{"line":81,"column":46}},"26":{"start":{"line":83,"column":10},"end":{"line":83,"column":15}},"27":{"start":{"line":93,"column":4},"end":{"line":93,"column":17}},"28":{"start":{"line":103,"column":2},"end":{"line":128,"column":3}},"29":{"start":{"line":104,"column":4},"end":{"line":104,"column":22}},"30":{"start":{"line":107,"column":4},"end":{"line":109,"column":5}},"31":{"start":{"line":108,"column":6},"end":{"line":108,"column":18}},"32":{"start":{"line":111,"column":4},"end":{"line":127,"column":7}},"33":{"start":{"line":114,"column":8},"end":{"line":114,"column":45}},"34":{"start":{"line":117,"column":8},"end":{"line":117,"column":41}},"35":{"start":{"line":120,"column":6},"end":{"line":120,"column":30}},"36":{"start":{"line":120,"column":15},"end":{"line":120,"column":30}},"37":{"start":{"line":124,"column":6},"end":{"line":124,"column":40}},"38":{"start":{"line":125,"column":6},"end":{"line":125,"column":53}},"39":{"start":{"line":126,"column":6},"end":{"line":126,"column":18}},"40":{"start":{"line":136,"column":2},"end":{"line":163,"column":3}},"41":{"start":{"line":139,"column":4},"end":{"line":139,"column":40}},"42":{"start":{"line":147,"column":4},"end":{"line":160,"column":5}},"43":{"start":{"line":148,"column":6},"end":{"line":152,"column":7}},"44":{"start":{"line":149,"column":8},"end":{"line":151,"column":69}},"45":{"start":{"line":154,"column":6},"end":{"line":158,"column":9}},"46":{"start":{"line":155,"column":8},"end":{"line":157,"column":9}},"47":{"start":{"line":156,"column":10},"end":{"line":156,"column":34}},"48":{"start":{"line":159,"column":6},"end":{"line":159,"column":107}},"49":{"start":{"line":162,"column":4},"end":{"line":162,"column":16}},"50":{"start":{"line":170,"column":2},"end":{"line":186,"column":3}},"51":{"start":{"line":171,"column":4},"end":{"line":185,"column":6}},"52":{"start":{"line":172,"column":6},"end":{"line":174,"column":7}},"53":{"start":{"line":173,"column":8},"end":{"line":173,"column":29}},"54":{"start":{"line":176,"column":6},"end":{"line":176,"column":63}},"55":{"start":{"line":179,"column":6},"end":{"line":182,"column":7}},"56":{"start":{"line":181,"column":12},"end":{"line":181,"column":34}},"57":{"start":{"line":184,"column":6},"end":{"line":184,"column":28}}},"branchMap":{"1":{"line":20,"type":"if","locations":[{"start":{"line":20,"column":4},"end":{"line":20,"column":4}},{"start":{"line":20,"column":4},"end":{"line":20,"column":4}}]},"2":{"line":25,"type":"if","locations":[{"start":{"line":25,"column":4},"end":{"line":25,"column":4}},{"start":{"line":25,"column":4},"end":{"line":25,"column":4}}]},"3":{"line":31,"type":"binary-expr","locations":[{"start":{"line":31,"column":21},"end":{"line":31,"column":35}},{"start":{"line":31,"column":39},"end":{"line":31,"column":41}}]},"4":{"line":37,"type":"if","locations":[{"start":{"line":37,"column":4},"end":{"line":37,"column":4}},{"start":{"line":37,"column":4},"end":{"line":37,"column":4}}]},"5":{"line":107,"type":"if","locations":[{"start":{"line":107,"column":4},"end":{"line":107,"column":4}},{"start":{"line":107,"column":4},"end":{"line":107,"column":4}}]},"6":{"line":120,"type":"if","locations":[{"start":{"line":120,"column":6},"end":{"line":120,"column":6}},{"start":{"line":120,"column":6},"end":{"line":120,"column":6}}]},"7":{"line":147,"type":"if","locations":[{"start":{"line":147,"column":4},"end":{"line":147,"column":4}},{"start":{"line":147,"column":4},"end":{"line":147,"column":4}}]},"8":{"line":148,"type":"if","locations":[{"start":{"line":148,"column":6},"end":{"line":148,"column":6}},{"start":{"line":148,"column":6},"end":{"line":148,"column":6}}]},"9":{"line":155,"type":"if","locations":[{"start":{"line":155,"column":8},"end":{"line":155,"column":8}},{"start":{"line":155,"column":8},"end":{"line":155,"column":8}}]},"10":{"line":172,"type":"if","locations":[{"start":{"line":172,"column":6},"end":{"line":172,"column":6}},{"start":{"line":172,"column":6},"end":{"line":172,"column":6}}]},"11":{"line":173,"type":"binary-expr","locations":[{"start":{"line":173,"column":15},"end":{"line":173,"column":17}},{"start":{"line":173,"column":21},"end":{"line":173,"column":28}}]},"12":{"line":179,"type":"if","locations":[{"start":{"line":179,"column":6},"end":{"line":179,"column":6}},{"start":{"line":179,"column":6},"end":{"line":179,"column":6}}]},"13":{"line":179,"type":"binary-expr","locations":[{"start":{"line":179,"column":10},"end":{"line":179,"column":28}},{"start":{"line":179,"column":32},"end":{"line":179,"column":71}},{"start":{"line":180,"column":12},"end":{"line":180,"column":34}},{"start":{"line":180,"column":38},"end":{"line":180,"column":88}}]},"14":{"line":184,"type":"binary-expr","locations":[{"start":{"line":184,"column":6},"end":{"line":184,"column":8}},{"start":{"line":184,"column":12},"end":{"line":184,"column":27}}]}},"code":["var async = require('async');","var _ = require('@sailshq/lodash');","var util = require('util');","var __Configuration = require('./configuration');","var __initializeHooks = require('./private/loadHooks');","","module.exports = function(sails) {","","  var Configuration = __Configuration(sails);","  var initializeHooks = __initializeHooks(sails);","","  /**","   * Expose loader start point.","   * (idempotent)","   *","   * @api public","   */","  return function load(configOverride, cb) {","","    if (sails._exiting) {","      return cb(new Error('\\n*********\\nCannot load or lift an app after it has already been lowered. \\nYou can make a new app instance with:\\nvar SailsApp = require(\\'sails\\').Sails;\\nvar sails = new SailsApp();\\n\\nAnd then you can do:\\nsails.load([opts,] cb)\\n\\n'));","    }","","    // configOverride is optional","    if (_.isFunction(configOverride)) {","      cb = configOverride;","      configOverride = {};","    }","","    // Ensure override is an object and clone it (or make an empty object if it's not)","    configOverride = configOverride || {};","    sails.config = _.cloneDeep(configOverride);","","","    // If host is explicitly specified, set `explicitHost`","    // (otherwise when host is omitted, Express will accept all connections via INADDR_ANY)","    if (configOverride.host) {","      configOverride.explicitHost = configOverride.host;","    }","","    // Optionally expose services, models, sails, _, async, etc. as globals as soon as the","    // user config loads.","    sails.on('hook:userconfig:loaded', sails.exposeGlobals);","","    async.auto({","","      // Apply core defaults and hook-agnostic configuration,","      // esp. overrides including command-line options, environment variables,","      // and options that were passed in programmatically.","      config: [Configuration.load],","","      // Load hooks into memory, with their middleware and routes","      hooks: ['config', loadHooks],","","      // Populate the \"registry\"","      // Houses \"middleware-esque\" functions bound by various hooks and/or Sails core itself.","      // (i.e. `function (req, res [,next]) {}`)","      //","      // (Basically, that means we grab an exposed `middleware` object,","      // full of functions, from each hook, then make it available as","      // `sails.middleware.[HOOK_ID]`.)","      //","      // TODO: finish refactoring to change \"middleware\" nomenclature","      // to avoid confusion with the more specific (and more common)","      // usage of the term.","      registry: ['hooks',","        function populateRegistry(cb) {","","          sails.log.verbose('Instantiating registry...');","","          // Iterate through hooks and absorb the middleware therein","          // Save a reference to registry and expose it on","          // the Sails instance.","          sails.middleware = sails.registry =","          // Namespace functions by their source hook's identity","          _.reduce(sails.hooks, function(registry, hook, identity) {","            registry[identity] = hook.middleware;","            return registry;","          }, {});","","          sails.emit('middleware:registered');","","          cb();","        }","      ],","","      // Load the router and bind routes in `sails.config.routes`","      router: ['registry', sails.router.load]","","    }, ready__(cb));","","    // Makes `app.load()` chainable","    return sails;","  };","","  /**","   * Load hooks in parallel","   * let them work out dependencies themselves,","   * taking advantage of events fired from the sails object","   *","   * @api private","   */","  function loadHooks(cb) {","    sails.hooks = { };","","    // If config.hooks is disabled, skip hook loading altogether","    if (sails.config.hooks === false) {","      return cb();","    }","","    async.series([","","      function(cb) {","        loadHookDefinitions(sails.hooks, cb);","      },","      function(cb) {","        initializeHooks(sails.hooks, cb);","      }","    ], function(err) {","      if (err) return cb(err);","","      // Inform any listeners that the initial, built-in hooks","      // are finished loading","      sails.emit('hooks:builtIn:ready');","      sails.log.verbose('Built-in hooks are ready.');","      return cb();","    });","  }","","  /**","   * Load built-in hook definitions from `sails.config.hooks`","   * and put them back into `hooks` (probably `sails.hooks`)","   *","   * @api private","   */","  function loadHookDefinitions(hooks, cb) {","","    // Mix in user-configured hook definitions","    _.extend(hooks, sails.config.hooks);","","    // Make sure these changes to the hooks object get applied","    // to sails.config.hooks to keep logic consistent","    // (I think we can get away w/o this, but leaving as a stub)","    // sails.config.hooks = hooks;","","    // If user configured `loadHooks`, only include those.","    if (sails.config.loadHooks) {","      if (!_.isArray(sails.config.loadHooks)) {","        return cb('Invalid `loadHooks` config.  ' +","          'Please specify an array of string hook names.\\n' +","          'You specified ::' + util.inspect(sails.config.loadHooks));","      }","","      _.each(hooks, function(def, hookName) {","        if (!_.contains(sails.config.loadHooks, hookName)) {","          hooks[hookName] = false;","        }","      });","      sails.log.verbose('Deliberate partial load-- will only initialize hooks ::', sails.config.loadHooks);","    }","","    return cb();","  }","","  /**","   * Returns function which is fired when Sails is ready to go","   *","   * @api private","   */","  function ready__(cb) {","    return function(err) {","      if (err) {","        return cb && cb(err);","      }","","      sails.log.verbose('All hooks were loaded successfully.');","","      // If userconfig hook is turned off, still load globals.","      if (sails.config.hooks && sails.config.hooks.userconfig === false ||","           (sails.config.loadHooks && sails.config.loadHooks.indexOf('userconfig') == -1)) {","            sails.exposeGlobals();","      }","","      cb && cb(null, sails);","    };","  }","};",""],"l":{"1":1,"2":1,"3":1,"4":1,"5":1,"7":1,"9":2,"10":2,"18":2,"20":0,"21":0,"25":0,"26":0,"27":0,"31":0,"32":0,"37":0,"38":0,"43":0,"45":0,"69":0,"74":0,"77":0,"78":0,"81":0,"83":0,"93":0,"103":1,"104":0,"107":0,"108":0,"111":0,"114":0,"117":0,"120":0,"124":0,"125":0,"126":0,"136":1,"139":0,"147":0,"148":0,"149":0,"154":0,"155":0,"156":0,"159":0,"162":0,"170":1,"171":0,"172":0,"173":0,"176":0,"179":0,"181":0,"184":0}},"/home/travis/build/npmtest/node-npmtest-sails/sails/lib/app/configuration/index.js":{"path":"/home/travis/build/npmtest/node-npmtest-sails/sails/lib/app/configuration/index.js","s":{"1":1,"2":1,"3":1,"4":1,"5":2,"6":1,"7":2,"8":0,"9":0,"10":0,"11":0,"12":0,"13":0,"14":0,"15":0,"16":0,"17":0,"18":0,"19":0,"20":0,"21":0,"22":0,"23":0,"24":2},"b":{"1":[0,0],"2":[0,0,0,0],"3":[0,0],"4":[0,0],"5":[0,0],"6":[0,0],"7":[0,0]},"f":{"1":2,"2":2,"3":0,"4":0},"fnMap":{"1":{"name":"(anonymous_1)","line":9,"loc":{"start":{"line":9,"column":17},"end":{"line":9,"column":33}}},"2":{"name":"Configuration","line":18,"loc":{"start":{"line":18,"column":2},"end":{"line":18,"column":27}}},"3":{"name":"defaultConfig","line":26,"loc":{"start":{"line":26,"column":20},"end":{"line":26,"column":52}}},"4":{"name":"(anonymous_4)","line":53,"loc":{"start":{"line":53,"column":39},"end":{"line":53,"column":82}}}},"statementMap":{"1":{"start":{"line":5,"column":0},"end":{"line":5,"column":35}},"2":{"start":{"line":6,"column":0},"end":{"line":6,"column":27}},"3":{"start":{"line":7,"column":0},"end":{"line":7,"column":47}},"4":{"start":{"line":9,"column":0},"end":{"line":114,"column":2}},"5":{"start":{"line":15,"column":2},"end":{"line":15,"column":29}},"6":{"start":{"line":18,"column":2},"end":{"line":112,"column":3}},"7":{"start":{"line":26,"column":4},"end":{"line":105,"column":41}},"8":{"start":{"line":28,"column":6},"end":{"line":28,"column":21}},"9":{"start":{"line":31,"column
[...]
.length) +","  _(sails.models).toArray().filter(function (it) {return !it.junctionTable;}).pluck('globalId').value() +","  '\\n\\n' +","  util.format('%d Controllers:\\n', _(sails.controllers).toArray().value().length)+","  _(sails.controllers).toArray().pluck('globalId').map(function (it) {return it+'Controller';}).value() +","  '\\n\\n' +","  // 'Routes:\\n'+","  // _(sails.routes).toArray().filter(function (it) {return !it.junctionTable;}).pluck('globalId').map(function (it) {return it+'Controller';}).value() +","  // '\\n\\n' +","  util.format('%d Hooks:\\n', _(sails.hooks).toArray().value().length)+","  _(sails.hooks).toArray().pluck('identity').value() +","  '\\n' +","  '';","};",""],"l":{"5":1,"6":1,"19":1,"20":0,"22":0,"29":0,"32":0}},"/home/travis/build/npmtest/node-npmtest-sails/sails/lib/app/private/toString.js":{"path":"/home/travis/build/npmtest/node-npmtest-sails/sails/lib/app/private/toString.js","s":{"1":1,"2":1,"3":0},"b":{"1":[0,0],"2":[0,0],"3":[0,0]},"f":{"1":0},"fnMap":{"1":{"name":"toString","line":16,"loc":{"start":{"line":16,"column":17},"end":{"line":16,"column":38}}}},"statementMap":{"1":{"start":{"line":5,"column":0},"end":{"line":5,"column":27}},"2":{"start":{"line":16,"column":0},"end":{"line":18,"column":2}},"3":{"start":{"line":17,"column":2},"end":{"line":17,"column":145}}},"branchMap":{"1":{"line":17,"type":"cond-expr","locations":[{"start":{"line":17,"column":58},"end":{"line":17,"column":67}},{"start":{"line":17,"column":70},"end":{"line":17,"column":72}}]},"2":{"line":17,"type":"cond-expr","locations":[{"start":{"line":17,"column":110},"end":{"line":17,"column":138}},{"start":{"line":17,"column":141},"end":{"line":17,"column":143}}]},"3":{"line":17,"type":"binary-expr","locations":[{"start":{"line":17,"column":74},"end":{"line":17,"column":87}},{"start":{"line":17,"column":91},"end":{"line":17,"column":107}}]}},"code":["/**"," * Module dependencies"," */","","var util = require('util');","","","/**"," * Sails.prototype.toString()"," *"," * e.g."," * ('This is how `sails` looks when toString()ed: ' + sails)"," *"," * @return {String}"," */","module.exports = function toString () {","  return util.format('[a %sSails app%s]', this.isLifted ? 'lifted ' : '', this.isLifted && this.config.port ? ' on port '+this.config.port : '');","};",""],"l":{"5":1,"16":1,"17":0}},"/home/travis/build/npmtest/node-npmtest-sails/sails/lib/app/private/toJSON.js":{"path":"/home/travis/build/npmtest/node-npmtest-sails/sails/lib/app/private/toJSON.js","s":{"1":1,"2":1,"3":0,"4":0,"5":0,"6":0,"7":0,"8":0,"9":0,"10":0,"11":0,"12":0,"13":0,"14":0,"15":0},"b":{"1":[0,0],"2":[0,0],"3":[0,0],"4":[0,0]},"f":{"1":0,"2":0,"3":0,"4":0},"fnMap":{"1":{"name":"toJSON","line":13,"loc":{"start":{"line":13,"column":17},"end":{"line":13,"column":36}}},"2":{"name":"(anonymous_2)","line":14,"loc":{"start":{"line":14,"column":24},"end":{"line":14,"column":50}}},"3":{"name":"(anonymous_3)","line":19,"loc":{"start":{"line":19,"column":32},"end":{"line":19,"column":61}}},"4":{"name":"(anonymous_4)","line":25,"loc":{"start":{"line":25,"column":32},"end":{"line":25,"column":62}}}},"statementMap":{"1":{"start":{"line":5,"column":0},"end":{"line":5,"column":35}},"2":{"start":{"line":13,"column":0},"end":{"line":42,"column":2}},"3":{"start":{"line":14,"column":2},"end":{"line":41,"column":9}},"4":{"start":{"line":15,"column":4},"end":{"line":17,"column":5}},"5":{"start":{"line":16,"column":6},"end":{"line":16,"column":22}},"6":{"start":{"line":18,"column":4},"end":{"line":23,"column":5}},"7":{"start":{"line":19,"column":6},"end":{"line":22,"column":13}},"8":{"start":{"line":20,"column":8},"end":{"line":20,"column":25}},"9":{"start":{"line":21,"column":8},"end":{"line":21,"column":20}},"10":{"start":{"line":24,"column":4},"end":{"line":38,"column":5}},"11":{"start":{"line":25,"column":6},"end":{"line":37,"column":13}},"12":{"start":{"line":26,"column":8},"end":{"line":35,"column":9}},"13":{"start":{"line":27,"column":10},"end":{"line":34,"column":13}},"14":{"start":{"line":36,"column":8},"end":{"line":36,"column":20}},"15":{"start":{"line":40,"column":4},"end":{"line":40,"column":16}}},"branchMap":{"1":{"line":15,"type":"if","locations":[{"start":{"line":15,"column":4},"end":{"line":15,"column":4}},{"start":{"line":15,"column":4},"end":{"line":15,"column":4}}]},"2":{"line":18,"type":"if","locations":[{"start":{"line":18,"column":4},"end":{"line":18,"column":4}},{"start":{"line":18,"column":4},"end":{"line":18,"column":4}}]},"3":{"line":24,"type":"if","locations":[{"start":{"line":24,"column":4},"end":{"line":24,"column":4}},{"start":{"line":24,"column":4},"end":{"line":24,"column":4}}]},"4":{"line":26,"type":"if","locations":[{"start":{"line":26,"column":8},"end":{"line":26,"column":8}},{"start":{"line":26,"column":8},"end":{"line":26,"column":8}}]}},"code":["/**"," * Module dependencies"," */","","var _ = require('@sailshq/lodash');","","","/**"," * [exports description]"," * @return {[type]} [description]"," */","","module.exports = function toJSON () {","  return _.reduce(this, function (pojo, val, key) {","    if (key === 'config') {","      pojo[key] = val;","    }","    if (key === 'hooks') {","      pojo[key] = _.reduce(val, function (memo, hook, ident) {","        memo.push(ident);","        return memo;","      }, []);","    }","    if (key === 'models') {","      pojo[key] = _.reduce(val, function (memo, model, ident) { //TODO: unused variable ident","        if (!model.junctionTable) {","          memo.push({","            attributes: model.attributes,","            identity: model.identity,","            globalId: model.globalId,","            connection: model.connection,","            schema: model.schema,","            tableName: model.tableName","          });","        }","        return memo;","      }, []);","    }","","    return pojo;","  }, {});","};",""],"l":{"5":1,"13":1,"14":0,"15":0,"16":0,"18":0,"19":0,"20":0,"21":0,"24":0,"25":0,"26":0,"27":0,"36":0,"40":0}},"/home/travis/build/npmtest/node-npmtest-sails/sails/lib/app/configuration/load.js":{"path":"/home/travis/build/npmtest/node-npmtest-sails/sails/lib/app/configuration/load.js","s":{"1":1,"2":1,"3":1,"4":1,"5":1,"6":2,"7":0,"8":0,"9":0,"10":0,"11":0,"12":0,"13":0,"14":0,"15":0,"16":0,"17":0,"18":0,"19":0,"20":0,"21":0,"22":0,"23":0,"24":0,"25":0,"26":0,"27":0,"28":0,"29":0,"30":0,"31":0,"32":0,"33":0,"34":0,"35":0,"36":0,"37":0,"38":0,"39":0,"40":0},"b":{"1":[0,0],"2":[0,0],"3":[0,0],"4":[0,0],"5":[0,0],"6":[0,0],"7":[0,0],"8":[0,0],"9":[0,0],"10":[0,0],"11":[0,0],"12":[0,0],"13":[0,0]},"f":{"1":2,"2":0,"3":0,"4":0,"5":0,"6":0,"7":0,"8":0},"fnMap":{"1":{"name":"(anonymous_1)","line":11,"loc":{"start":{"line":11,"column":17},"end":{"line":11,"column":33}}},"2":{"name":"loadConfig","line":29,"loc":{"start":{"line":29,"column":9},"end":{"line":29,"column":33}}},"3":{"name":"(anonymous_3)","line":45,"loc":{"start":{"line":45,"column":22},"end":{"line":45,"column":35}}},"4":{"name":"(anonymous_4)","line":92,"loc":{"start":{"line":92,"column":10},"end":{"line":92,"column":35}}},"5":{"name":"(anonymous_5)","line":104,"loc":{"start":{"line":104,"column":34},"end":{"line":104,"column":47}}},"6":{"name":"(anonymous_6)","line":107,"loc":{"start":{"line":107,"column":58},"end":{"line":107,"column":78}}},"7":{"name":"(anonymous_7)","line":125,"loc":{"start":{"line":125,"column":10},"end":{"line":125,"column":32}}},"8":{"name":"configLoaded","line":173,"loc":{"start":{"line":173,"column":6},"end":{"line":173,"column":42}}}},"statementMap":{"1":{"start":{"line":5,"column":0},"end":{"line":5,"column":35}},"2":{"start":{"line":6,"column":0},"end":{"line":6,"column":29}},"3":{"start":{"line":7,"column":0},"end":{"line":7,"column":42}},"4":{"start":{"line":8,"column":0},"end":{"line":8,"column":27}},"5":{"start":{"line":11,"column":0},"end":{"line":187,"column":2}},"6":{"start":{"line":29,"column":2},"end":{"line":185,"column":4}},"7":{"start":{"line":32,"column":4},"end":{"line":32,"column":20}},"8":{"start":{"line":35,"column":4},"end":{"line":184,"column":9}},"9":{"start":{"line":48,"column":10},"end":{"line":48,"column":58}},"10":{"start":{"line":56,"column":10},"end":{"line":75,"column":13}},"11":{"start":{"line":79,"column":10},"end":{"line":79,"column":30}},"12":{"start":{"line":93,"column":12},"end":{"line":93,"column":61}},"13":{"start":{"line":94,"column":12},"end":{"line":94,"column":56}},"14":{"start":{"line":95,"column":12},"end":{"line":95,"column":17}},"15":{"start":{"line":106,"column":10},"end":{"line":106,"column":74}},"16":{"start":{"line":107,"column":10},"end":{"line":117,"column":13}},"17":{"start":{"line":108,"column":12},"end":{"line":108,"column":36}},"18":{"start":{"line":108,"column":21},"end":{"line":108,"column":36}},"19":{"start":{"line":110,"column":12},"end":{"line":110,"column":41}},"20":{"start":{"line":111,"column":12},"end":{"line":111,"column":84}},"21":{"start":{"line":112,"column":12},"end":{"line":112,"column":84}},"22":{"start":{"line":113,"column":12},"end":{"line":113,"column":84}},"23":{"start":{"line":114,"column":12},"end":{"line":114,"column":51}},"24":{"start":{"line":116,"column":12},"end":{"line":116,"column":17}},"25":{"start":{"line":128,"column":12},"end":{"line":128,"column":49}},"26":{"start":{"line":132,"column":12},"end":{"line":132,"column":82}},"27":{"start":{"line":133,"column":12},"end":{"line":133,"column":64}},"28":{"start":{"line":136,"column":12},"end":{"line":136,"column":85}},"29":{"start":{"line":139,"column":12},"end":{"line":139,"column":81}},"30":{"start":{"line":149,"column":12},"end":{"line":149,"column":61}},"31":{"start":{"line":150,"column":12},"end":{"line":164,"column":13}},"32":{"start":{"line":157,"column":14},"end":{"line":157,"column":63}},"33":{"start":{"line":162,"column":14},"end":{"line":162,"column":52}},"34":{"start":{"line":163,"column":14},"end":{"line":163,"column":65}},"35":{"start":{"line":166,"column":12},"end":{"line":166,"column":35}},"36":{"start":{"line":174,"column":8},"end":{"line":177,"column":9}},"37":{"start":{"line":175,"column":10},"end":{"line":175,"column":72}},"38":{"start":{"line":176,"column":10},"end":{"line":176,"column":25}},"39":{"start":{"line":181,"column":8},"end":{"line":181,"column":45}},"40":{"start":{"line":183,"column":8},"end":{"line":183,"column":13}}},"branchMap":{"1":{"line":48,"type":"binary-expr","locations":[{"start":{"line":48,"column":38},"end":{"line":48,"column":50}},{"start":{"line":48,"column":54},"end":{"line":48,"column":56}}]},"2":{"line":61,"type":"cond-expr","locations":[{"start":{"line":61,"column":37},"end":{"line":63,"column":13}},{"start":{"line":63,"column":16},"end":{"line":67,"column":25}}]},"3":{"line":63,"type":"cond-expr","locations":[{"start":{"line":63,"column":34},"end":{"line":65,"column":13}},{"start":{"line":65,"column":16},"end":{"line":67,"column":25}}]},"4":{"line":65,"type":"cond-expr","locations":[{"start":{"line":65,"column":35},"end":{"line":67,"column":13}},{"start":{"line":67,"column":16},"end":{"line":67,"column":25}}]},"5":{"line":70,"type":"binary-expr","locations":[{"start":{"line":70,"column":18},"end":{"line":70,"column":32}},{"start":{"line":70,"column":36},"end":{"line":70,"column":45}}]},"6":{"line":73,"type":"cond-expr","locations":[{"start":{"line":73,"column":42},"end":{"line":73,"column":54}},{"start":{"line":73,"column":58},"end":{"line":73,"column":99}}]},"7":{"line":73,"type":"cond-expr","locations":[{"start":{"line":73,"column":74},"end":{"line":73,"column":87}},{"start":{"line":73,"column":90},"end":{"line":73,"column":99}}]},"8":{"line":108,"type":"if","locations":[{"start":{"line":108,"column":12},"end":{"line":108,"column":12}},{"start":{"line":108,"column":12},"end":{"line":108,"column":12}}]},"9":{"line":132,"type":"binary-expr","locations":[{"start":{"line":132,"column":36},"end":{"line":132,"column":57}},{"start":{"line":132,"column":61},"end":{"line":132,"column":81}}]},"10":{"line":133,"type":"binary-expr","locations":[{"start":{"line":133,"column":29},"end":{"line":133,"column":43}},{"start":{"line":133,"column":47},"end":{"line":133,"column":63}}]},"11":{"line":136,"type":"binary-expr","locations":[{"start":{"line":136,"column":49},"end":{"line":136,"column":66}},{"start":{"line":136,"column":70},"end":{"line":136,"column":83}}]},"12":{"line":150,"type":"if","locations":[{"start":{"line":150,"column":12},"end":{"line":150,"column":12}},{"start":{"line":150,"column":12},"end":{"line":150,"column":12}}]},"13":{"line":174,"type":"if","locations":[{"start":{"line":174,"column":8},"end":{"line":174,"column":8}},{"start":{"line":174,"column":8},"end":{"line":174,"column":8}}]}},"code":["/**"," * Module dependencies."," */","","var _ = require('@sailshq/lodash');","var async = require('async');","var CaptainsLog = require('captains-log');","var path = require('path');","","","module.exports = function(sails) {","","  /**","   * Expose Configuration loader","   *","   * Load command-line overrides","   *","   * TODO: consider merging this into the `app` directory","   *","   * For reference, config priority is:","   * --> implicit defaults","   * --> environment variables","   * --> user config files","   * --> local config file","   * --> configOverride ( in call to sails.lift() )","   * --> --cmdline args","   */","","  return function loadConfig(cb) {","","    // Save reference to context for use in closures","    var self = this;","","    // Commence with loading/validating/defaulting all the rest of the config","    async.auto({","","        /**","         * Until this point this point, `sails.config` is composed only of","         * configuration overrides passed into `sails.lift(overrides)`","         * (or `sails.load(overrides)`-- same thing)","         *","         * This step clones this into an \"overrides\" object, negotiating cmdline","         * shortcuts into the properly namespced sails configuration options.","         */","        mapOverrides: function(cb) {","","          // Clone the `overrides` that were passed in.","          var overrides = _.cloneDeep(sails.config || {});","","          // TODO: bring the rconf stuff from bin/sails-lift in here","","          // Command-line arguments take highest precedence","          // overrides = _.merge(overrides, argv);","","          // Map Sails options from overrides","          overrides = _.merge(overrides, {","","            // `--verbose` command-line argument","            // `--silly` command-line argument","            // `--silent` command-line argument","            log: overrides.verbose ? {","              level: 'verbose'","            } : overrides.silly ? {","              level: 'silly'","            } : overrides.silent ? {","              level: 'silent'","            } : undefined,","","            // `--port=?` command-line argument","            port: overrides.port || undefined,","","            // `--prod` command-line argument","            environment: overrides.prod ? 'production' : (overrides.dev ? 'development' : undefined)","","          });","","","          // Pass on overrides object","          cb(null, overrides);","        },","","","","        /**","         * Immediately instantiate the default logger in case a log-worthy event occurs","         * Even though the app might actually use its own custom logger, we don't know","         * all of the user configurations yet.","         *","         * Makes sails.log accessible for the first time","         */","        logger: ['mapOverrides',","          function(cb, async_data) {","            var logConfigSoFar = async_data.mapOverrides.log;","            sails.log = new CaptainsLog(logConfigSoFar);","            cb();","          }","        ],","","","        /**","         * Expose version/dependency info for the currently-running","         * Sails on the `sails` object (from its `package.json`)","         */","        versionAndDependencyInfo: function(cb) {","","          var pathToThisVersionOfSails = path.join(__dirname, '../../..');","          sails.util.getPackage(pathToThisVersionOfSails, function(err, json) {","            if (err) return cb(err);","","            sails.version = json.version;","            sails.majorVersion = sails.version.split('.')[0].replace(/[^0-9]/g, '');","            sails.minorVersion = sails.version.split('.')[1].replace(/[^0-9]/g, '');","            sails.patchVersion = sails.version.split('.')[2].replace(/[^0-9]/g, '');","            sails.dependencies = json.dependencies;","","            cb();","          });","        },","","","        /**","         * Ensure that environment variables are applied to important configs","         */","        mixinDefaults: ['mapOverrides',","          function(cb, results) {","","            // Get overrides","            var overrides = results.mapOverrides; //_.cloneDeep(results.mapOverrides);","","            // Apply environment variables","            // (if the config values are not set in overrides)","            overrides.environment = overrides.environment || process.env.NODE_ENV;","            overrides.port = overrides.port || process.env.PORT;","","            // Generate implicit, built-in framework defaults for the app","            var implicitDefaults = self.defaults(overrides.appPath || process.cwd());","","            // Extend copy of implicit defaults with user config","            var mergedConfig = _.merge(_.cloneDeep(implicitDefaults), overrides);","","","            // Set the NODE_ENV environment variable so express and other modules","            // which expect NODE_ENV to be set mirror the configured Sails environment","            // setting (i.e. `sails.config.environment`).","            //","            // Note:","            // Setting an environment var explicitly to \"undefined\" sets it to the","            // *string* \"undefined\".  So we only bother setting it if it is truthy.","            sails.log.verbose('Setting Node environment...');","            if (mergedConfig.environment) {","              // If we end up setting NODE_ENV, we first save the original value of NODE_ENV","              // as `sails._originalNodeEnv`, so that we can potentially revert to it when","              // lowering the app.  This way if a Sails app is loaded subsequently in the same","              // process (e.g. tests), it does not end up using an unexpected environment due","              // to NODE_ENV being set from previous lifts/loads. See the implementation of","              // `.lower()` for further explanation.","              sails._originalNodeEnv = process.env['NODE_ENV'];","              // Note that we also set a flag indicating that we set the `NODE_ENV` at all.","              // (we could just compare the current NODE_ENV with _originalNodeEnv in `.lower()`,","              //  but it's not guaranteed to be accurate, since NODE_ENV could have been set again","              //  for some reason at runtime; e.g. multiple test apps lifting/lowering/popping/locking)","              sails._setNodeEnvAutomatically = true;","              process.env['NODE_ENV'] = mergedConfig.environment;","            }","","            cb(null, mergedConfig);","          }","        ]","","      },","","","      function configLoaded(err, results) {","        if (err) {","          sails.log.error('Error encountered loading config ::\\n', err);","          return cb(err);","        }","","        // Override the previous contents of sails.config with the new, validated","        // config w/ defaults and overrides mixed in the appropriate order.","        sails.config = results.mixinDefaults;","","        cb();","      });","  };","","};",""],"l":{"5":1,"6":1,"7":1,"8":1,"11":1,"29":2,"32":0,"35":0,"48":0,"56":0,"79":0,"93":0,"94":0,"95":0,"106":0,"107":0,"108":0,"110":0,"111":0,"112":0,"113":0,"114":0,"116":0,"128":0,"132":0,"133":0,"136":0,"139":0,"149":0,"150":0,"157":0,"162":0,"163":0,"166":0,"174":0,"175":0,"176":0,"181":0,"183":0}}}